#
# A fatal error has been detected by the Java Runtime Environment:
#
#  EXCEPTION_UNCAUGHT_CXX_EXCEPTION (0xe06d7363) at pc=0x00007ff92a7985ea, pid=21656, tid=34976
#
# JRE version: OpenJDK Runtime Environment Corretto-17.0.13.11.1 (17.0.13+11) (build 17.0.13+11-LTS)
# Java VM: OpenJDK 64-Bit Server VM Corretto-17.0.13.11.1 (17.0.13+11-LTS, mixed mode, sharing, tiered, compressed oops, compressed class ptrs, g1 gc, windows-amd64)
# Problematic frame:
# C  [KERNELBASE.dll+0xc85ea]
#
# No core dump will be written. Minidumps are not enabled by default on client versions of Windows
#
# If you would like to submit a bug report, please visit:
#   https://github.com/corretto/corretto-17/issues/
# The crash happened outside the Java Virtual Machine in native code.
# See problematic frame for where to report the bug.
#

---------------  S U M M A R Y ------------

Command Line: -Ddebugger.agent.enable.coroutines=true -Dkotlinx.coroutines.debug.enable.creation.stack.trace=false -Dkotlinx.coroutines.debug.enable.flows.stack.trace=true -Dkotlinx.coroutines.debug.enable.mutable.state.flows.stack.trace=true -agentlib:jdwp=transport=dt_socket,server=n,suspend=y,address=127.0.0.1:59832 -javaagent:E:\Program-Files\IntelliJ\plugins\java\lib\rt\debugger-agent.jar=file:///C:/Users/Xpe/AppData/Local/Temp/capture13133312844171359292.props -Dfile.encoding=UTF-8 -Duser.country=BR -Duser.language=pt -Duser.variant com.monstrous.gdx.tests.webgpu.WebGPUTestStarter

Host: 12th Gen Intel(R) Core(TM) i7-12700H, 20 cores, 15G,  Windows 11 , 64 bit Build 26100 (10.0.26100.4202)
Time: Sun Jul 13 19:53:19 2025 Hora oficial do Brasil elapsed time: 765.923150 seconds (0d 0h 12m 45s)

---------------  T H R E A D  ---------------

Current thread (0x00000204fe6653f0):  JavaThread "main" [_thread_in_native, id=34976, stack(0x000000e8e9b00000,0x000000e8e9c00000)]

Stack: [0x000000e8e9b00000,0x000000e8e9c00000],  sp=0x000000e8e9bfbf00,  free space=1007k
Native frames: (J=compiled Java code, j=interpreted, Vv=VM code, C=native code)
C  [KERNELBASE.dll+0xc85ea]
C  [VCRUNTIME140.dll+0x6480]
C  [jWebGPU64.dll+0x12c1bf0]

Java frames: (J=compiled Java code, j=interpreted, Vv=VM code)
J 1672  com.github.xpenatan.webgpu.WGPUCommandEncoder.internal_native_BeginRenderPass(JJJ)V (0 bytes) @ 0x000002048f6bb0f1 [0x000002048f6bb0a0+0x0000000000000051]
J 1826 c1 com.github.xpenatan.webgpu.WGPUCommandEncoder.beginRenderPass(Lcom/github/xpenatan/webgpu/WGPURenderPassDescriptor;Lcom/github/xpenatan/webgpu/WGPURenderPassEncoder;)V (41 bytes) @ 0x0000020487d95d14 [0x0000020487d95b40+0x00000000000001d4]
j  com.monstrous.gdx.webgpu.wrappers.RenderPassBuilder.create(Ljava/lang/String;Lcom/badlogic/gdx/graphics/Color;ZLcom/monstrous/gdx/webgpu/graphics/WgTexture;Lcom/monstrous/gdx/webgpu/graphics/WgTexture;ILcom/monstrous/gdx/webgpu/wrappers/RenderPassType;)Lcom/monstrous/gdx/webgpu/wrappers/WebGPURenderPass;+561
J 1780 c1 com.monstrous.gdx.webgpu.wrappers.RenderPassBuilder.create(Ljava/lang/String;Lcom/badlogic/gdx/graphics/Color;ZLcom/monstrous/gdx/webgpu/graphics/WgTexture;Lcom/monstrous/gdx/webgpu/graphics/WgTexture;I)Lcom/monstrous/gdx/webgpu/wrappers/WebGPURenderPass; (15 bytes) @ 0x0000020487d7fb3c [0x0000020487d7faa0+0x000000000000009c]
J 1877 c1 com.monstrous.gdx.webgpu.wrappers.RenderPassBuilder.create(Ljava/lang/String;Lcom/badlogic/gdx/graphics/Color;I)Lcom/monstrous/gdx/webgpu/wrappers/WebGPURenderPass; (23 bytes) @ 0x0000020487db2a64 [0x0000020487db2840+0x0000000000000224]
J 1876 c1 com.monstrous.gdx.webgpu.graphics.g2d.WgSpriteBatch.begin(Lcom/badlogic/gdx/graphics/Color;)V (163 bytes) @ 0x0000020487db4914 [0x0000020487db4820+0x00000000000000f4]
J 1872 c1 com.monstrous.gdx.webgpu.scene2d.WgStage.draw()V (72 bytes) @ 0x0000020487db3864 [0x0000020487db2fa0+0x00000000000008c4]
J 1870 c1 com.monstrous.gdx.tests.webgpu.WebGPUTestStarter$TestChooser.render()V (15 bytes) @ 0x0000020487db10ac [0x0000020487db0d80+0x000000000000032c]
j  com.monstrous.gdx.webgpu.application.WebGPUApplication2.renderFrame(Lcom/badlogic/gdx/ApplicationListener;)V+70
J 1860 c1 com.monstrous.gdx.webgpu.backends.desktop.WgDesktopWindow.update()Z (266 bytes) @ 0x0000020487dac4b4 [0x0000020487dab760+0x0000000000000d54]
j  com.monstrous.gdx.webgpu.backends.desktop.WgDesktopApplication.loop()V+111
j  com.monstrous.gdx.webgpu.backends.desktop.WgDesktopApplication.<init>(Lcom/badlogic/gdx/ApplicationListener;Lcom/monstrous/gdx/webgpu/backends/desktop/WgDesktopApplicationConfiguration;)V+253
j  com.monstrous.gdx.tests.webgpu.WebGPUTestStarter.main([Ljava/lang/String;)V+35
v  ~StubRoutines::call_stub

siginfo: EXCEPTION_UNCAUGHT_CXX_EXCEPTION (0xe06d7363), ExceptionInformation=0x0000000019930520 0x000000e8e9bfc088 0x00007ff82851e62c 0x00007ff826c00000 


Registers:
RAX=0x00000204fc140000, RBX=0x000000e8e9bfc028, RCX=0x000000e8e9bfbad0, RDX=0x00007ff92ce6f164
RSP=0x000000e8e9bfbf00, RBP=0x0000000000000004, RSI=0x0000000000000001, RDI=0x00000000e06d7363
R8 =0x000000e8e9bfbab0, R9 =0x000000e8e9bfb9c0, R10=0x00007ff826d49165, R11=0x0000000000000000
R12=0x0000000000000000, R13=0x000000e8e9bff020, R14=0x000000e8e9bfef00, R15=0x00007ff828105d60
RIP=0x00007ff92a7985ea, EFLAGS=0x0000000000000204


Register to memory mapping:

RIP=0x00007ff92a7985ea KERNELBASE.dll
RAX=0x00000204fc140000 points into unknown readable memory: 0x0000000000000000 | 00 00 00 00 00 00 00 00
RBX=0x000000e8e9bfc028 is pointing into the stack for thread: 0x00000204fe6653f0
RCX=0x000000e8e9bfbad0 is pointing into the stack for thread: 0x00000204fe6653f0
RDX=0x00007ff92ce6f164 ntdll.dll
RSP=0x000000e8e9bfbf00 is pointing into the stack for thread: 0x00000204fe6653f0
RBP=0x0000000000000004 is an unknown value
RSI=0x0000000000000001 is an unknown value
RDI=0x00000000e06d7363 is an unknown value
R8 =0x000000e8e9bfbab0 is pointing into the stack for thread: 0x00000204fe6653f0
R9 =0x000000e8e9bfb9c0 is pointing into the stack for thread: 0x00000204fe6653f0
R10=0x00007ff826d49165 jWebGPU64.dll
R11=0x0 is NULL
R12=0x0 is NULL
R13=0x000000e8e9bff020 is pointing into the stack for thread: 0x00000204fe6653f0
R14=0x000000e8e9bfef00 is pointing into the stack for thread: 0x00000204fe6653f0
R15=0x00007ff828105d60 jWebGPU64.dll


Top of Stack: (sp=0x000000e8e9bfbf00)
0x000000e8e9bfbf00:   0000000000000000 000000e8e9bfc028
0x000000e8e9bfbf10:   0000000000000001 00007ff828105d60
0x000000e8e9bfbf20:   00000081e06d7363 0000000000000000
0x000000e8e9bfbf30:   00007ff92a7985ea 0000000000000004
0x000000e8e9bfbf40:   0000000019930520 000000e8e9bfc088
0x000000e8e9bfbf50:   00007ff82851e62c 00007ff826c00000
0x000000e8e9bfbf60:   0000000000000000 0000000000000000
0x000000e8e9bfbf70:   0000000000000000 0000000000000000
0x000000e8e9bfbf80:   0000000000000000 0000000000000000
0x000000e8e9bfbf90:   0000000000000000 0000000000000000
0x000000e8e9bfbfa0:   0000000000000000 0000000000000000
0x000000e8e9bfbfb0:   0000000000000000 000000000000002c
0x000000e8e9bfbfc0:   000086d3d1d831ae 000000e8e9bfc0a0
0x000000e8e9bfbfd0:   00007ff82851f000 0000000019930520
0x000000e8e9bfbfe0:   000000e8e9bfc088 000000e8e9bfc0a0
0x000000e8e9bfbff0:   00007ff82851e62c 00007ff921ab6480
0x000000e8e9bfc000:   0000000000000008 0000000000000000
0x000000e8e9bfc010:   0000000000000000 00007ff82753c4d1
0x000000e8e9bfc020:   00007ff826c00000 0000000019930520
0x000000e8e9bfc030:   000000e8e9bfc088 00007ff82851e62c
0x000000e8e9bfc040:   00007ff826c00000 000000e8e9bfef00
0x000000e8e9bfc050:   00007ff82812b4c8 00007ff827ec1bf0
0x000000e8e9bfc060:   00000000e0000020 0000000000000001
0x000000e8e9bfc070:   0000000000000001 000000e8e9bfc258
0x000000e8e9bfc080:   0000000000000000 00007ff82851c720
0x000000e8e9bfc090:   00000205043d6370 00007ff82812b430
0x000000e8e9bfc0a0:   000000e8e9bfc130 00007ff82753ca05
0x000000e8e9bfc0b0:   0000000000000000 0000000000000000
0x000000e8e9bfc0c0:   000000e8e9bfc098 000000e8e9bfc088
0x000000e8e9bfc0d0:   000000e8e9bfc107 0000020000000000
0x000000e8e9bfc0e0:   0000000000000025 0000000000000002
0x000000e8e9bfc0f0:   0000000000000000 0000000000000000 

Instructions: (pc=0x00007ff92a7985ea)
0x00007ff92a7984ea:   00 e8 a0 77 fe ff 48 8b cb e8 b8 e3 fa ff 48 85
0x00007ff92a7984fa:   f6 74 08 48 8b ce e8 ab e3 fa ff 48 85 ff 74 08
0x00007ff92a79850a:   48 8b cf e8 9e e3 fa ff 8b 4c 24 40 48 ff 15 83
0x00007ff92a79851a:   83 1c 00 0f 1f 44 00 00 90 48 8b 8c 24 a0 02 00
0x00007ff92a79852a:   00 48 33 cc e8 fd 06 0d 00 4c 8d 9c 24 b0 02 00
0x00007ff92a79853a:   00 49 8b 5b 38 49 8b 73 40 49 8b e3 41 5f 41 5e
0x00007ff92a79854a:   41 5d 41 5c 5f c3 cc cc cc cc cc cc cc cc cc cc
0x00007ff92a79855a:   cc cc cc cc cc cc 40 53 55 56 57 48 81 ec d8 00
0x00007ff92a79856a:   00 00 48 8b 05 5d ab 2c 00 48 33 c4 48 89 84 24
0x00007ff92a79857a:   c0 00 00 00 8b f2 41 8b e8 33 d2 8b f9 48 8d 4c
0x00007ff92a79858a:   24 3c 49 8b d9 44 8d 42 7c e8 a9 61 06 00 33 c9
0x00007ff92a79859a:   89 7c 24 20 83 e6 01 48 89 4c 24 28 89 74 24 24
0x00007ff92a7985aa:   48 8d 05 af ff ff ff 48 89 44 24 30 48 85 db 74
0x00007ff92a7985ba:   51 41 b8 0f 00 00 00 48 8d 4c 24 40 41 3b e8 48
0x00007ff92a7985ca:   8b d3 44 0f 46 c5 44 89 44 24 38 49 c1 e0 03 e8
0x00007ff92a7985da:   09 06 0d 00 48 8d 4c 24 20 48 ff 15 d6 89 1c 00
0x00007ff92a7985ea:   0f 1f 44 00 00 48 8b 8c 24 c0 00 00 00 48 33 cc
0x00007ff92a7985fa:   e8 31 06 0d 00 48 81 c4 d8 00 00 00 5f 5e 5d 5b
0x00007ff92a79860a:   c3 cc 89 4c 24 38 eb cc cc cc cc cc cc cc cc cc
0x00007ff92a79861a:   cc cc cc cc cc cc 48 83 ec 28 4c 8b d9 48 85 c9
0x00007ff92a79862a:   0f 84 8f 00 00 00 b8 55 00 00 00 4c 8d 15 cc e9
0x00007ff92a79863a:   1c 00 4c 8b c9 85 c0 7f 28 66 41 83 39 00 75 07
0x00007ff92a79864a:   66 41 83 3a 00 74 6e 33 d2 49 8b cb e8 85 40 f8
0x00007ff92a79865a:   ff 33 c9 48 85 c0 0f 95 c1 8b c1 48 83 c4 28 c3
0x00007ff92a79866a:   cc 41 0f b7 11 66 85 d2 74 cf 45 0f b7 02 66 45
0x00007ff92a79867a:   85 c0 74 d3 8d 4a bf 66 83 f9 19 77 04 66 83 ca
0x00007ff92a79868a:   20 41 8d 48 bf 66 83 f9 19 76 2e 66 83 fa 5f 75
0x00007ff92a79869a:   05 ba 2d 00 00 00 66 41 83 f8 5f 75 06 41 b8 2d
0x00007ff92a7986aa:   00 00 00 66 41 3b d0 75 9e ff c8 49 83 c1 02 49
0x00007ff92a7986ba:   83 c2 02 eb 80 33 c0 eb a2 66 41 83 c8 20 eb cb
0x00007ff92a7986ca:   cc cc cc cc cc cc 40 53 48 83 ec 40 48 8b 05 f3
0x00007ff92a7986da:   a9 2c 00 48 33 c4 48 89 44 24 30 33 c0 48 89 44 


Stack slot to memory mapping:
stack at sp + 0 slots: 0x0 is NULL
stack at sp + 1 slots: 0x000000e8e9bfc028 is pointing into the stack for thread: 0x00000204fe6653f0
stack at sp + 2 slots: 0x0000000000000001 is an unknown value
stack at sp + 3 slots: 0x00007ff828105d60 jWebGPU64.dll
stack at sp + 4 slots: 0x00000081e06d7363 is an unknown value
stack at sp + 5 slots: 0x0 is NULL
stack at sp + 6 slots: 0x00007ff92a7985ea KERNELBASE.dll
stack at sp + 7 slots: 0x0000000000000004 is an unknown value


Compiled method (n/a)  766017 1672     n 0       com.github.xpenatan.webgpu.WGPUCommandEncoder::internal_native_BeginRenderPass (native)
 total in heap  [0x000002048f6baf10,0x000002048f6bb2d0] = 960
 relocation     [0x000002048f6bb068,0x000002048f6bb098] = 48
 main code      [0x000002048f6bb0a0,0x000002048f6bb2c8] = 552
 oops           [0x000002048f6bb2c8,0x000002048f6bb2d0] = 8

[Constant Pool (empty)]

[MachCode]
[Entry Point]
  # {method} {0x00000204e46937e0} 'internal_native_BeginRenderPass' '(JJJ)V' in 'com/github/xpenatan/webgpu/WGPUCommandEncoder'
  # parm0:    rdx:rdx   = long
  # parm1:    r8:r8     = long
  # parm2:    r9:r9     = long
  #           [sp+0x80]  (sp of caller)
  0x000002048f6bb0a0: 448b 5208 | 49bb 0000 | 00a3 0402 | 0000 4d03 | d349 3bc2 | 0f84 0600 

  0x000002048f6bb0b8: ;   {runtime_call ic_miss_stub}
  0x000002048f6bb0b8: 0000 e9c1 | 5f86 ff90 
[Verified Entry Point]
  0x000002048f6bb0c0: 8984 2400 | 90ff ff55 | 488b ec48 | 83ec 704c | 894c 2420 | 4d8b c84c 

  0x000002048f6bb0d8: ;   {oop(a 'java/lang/Class'{0x000000071484cd00} = 'com/github/xpenatan/webgpu/WGPUCommandEncoder')}
  0x000002048f6bb0d8: 8bc2 49be | 00cd 8414 | 0700 0000 | 4c89 7424 | 584c 8d74 | 2458 498b | d6c5 f877 

  0x000002048f6bb0f4: ;   {internal_word}
  0x000002048f6bb0f4: 49ba f1b0 | 6b8f 0402 | 0000 4d89 | 97a0 0200 | 0049 89a7 | 9802 0000 

  0x000002048f6bb10c: ;   {external_word}
  0x000002048f6bb10c: 49ba 89d6 | 456e f87f | 0000 4180 | 3a00 0f84 | 5200 0000 | 5241 5041 

  0x000002048f6bb124: ;   {metadata({method} {0x00000204e46937e0} 'internal_native_BeginRenderPass' '(JJJ)V' in 'com/github/xpenatan/webgpu/WGPUCommandEncoder')}
  0x000002048f6bb124: 5148 bad8 | 3769 e404 | 0200 0049 | 8bcf 4883 | ec20 f7c4 | 0f00 0000 | 0f84 1a00 | 0000 4883 
  0x000002048f6bb144: ;   {runtime_call}
  0x000002048f6bb144: ec08 49ba | 5060 fb6d | f87f 0000 | 41ff d248 | 83c4 08e9 | 0d00 0000 

  0x000002048f6bb15c: ;   {runtime_call}
  0x000002048f6bb15c: 49ba 5060 | fb6d f87f | 0000 41ff | d248 83c4 | 2041 5941 | 585a 498d | 8fb8 0200 | 0041 c787 
  0x000002048f6bb17c: 4803 0000 | 0400 0000 

  0x000002048f6bb184: ;   {runtime_call}
  0x000002048f6bb184: 49ba 8cef | c226 f87f | 0000 41ff | d2c5 f877 | 41c7 8748 | 0300 0005 | 0000 00f0 | 8344 24c0 
  0x000002048f6bb1a4: 0049 3baf | 5003 0000 | 0f87 1100 | 0000 4181 | bf38 0300 | 0000 0000 | 000f 8424 | 0000 00c5 
  0x000002048f6bb1c4: f877 498b | cf4c 8be4 | 4883 ec20 | 4883 e4f0 

  0x000002048f6bb1d4: ;   {runtime_call}
  0x000002048f6bb1d4: 49ba e07f | 0b6e f87f | 0000 41ff | d249 8be4 | 4d33 e441 | c787 4803 | 0000 0800 | 0000 4181 
  0x000002048f6bb1f4: bfb8 0300 | 0002 0000 | 000f 849b 

  0x000002048f6bb200: ;   {external_word}
  0x000002048f6bb200: 0000 0049 | ba89 d645 | 6ef8 7f00 | 0041 803a | 000f 8448 

  0x000002048f6bb214: ;   {metadata({method} {0x00000204e46937e0} 'internal_native_BeginRenderPass' '(JJJ)V' in 'com/github/xpenatan/webgpu/WGPUCommandEncoder')}
  0x000002048f6bb214: 0000 0048 | bad8 3769 | e404 0200 | 0049 8bcf | 4883 ec20 | f7c4 0f00 | 0000 0f84 | 1a00 0000 
  0x000002048f6bb234: 4883 ec08 

  0x000002048f6bb238: ;   {runtime_call}
  0x000002048f6bb238: 49ba 5060 | fb6d f87f | 0000 41ff | d248 83c4 | 08e9 0d00 

  0x000002048f6bb24c: ;   {runtime_call}
  0x000002048f6bb24c: 0000 49ba | 5060 fb6d | f87f 0000 | 41ff d248 | 83c4 2049 | c787 9802 | 0000 0000 | 0000 49c7 
  0x000002048f6bb26c: 87a0 0200 | 0000 0000 | 00c5 f877 | 498b 8fd8 | 0000 00c7 | 8100 0100 | 0000 0000 | 00c9 4981 
  0x000002048f6bb28c: 7f08 0000 | 0000 0f85 | 0100 0000 

  0x000002048f6bb298: ;   {runtime_call StubRoutines (1)}
  0x000002048f6bb298: c3e9 625c | 81ff c5f8 | 774c 8be4 | 4883 ec20 | 4883 e4f0 

  0x000002048f6bb2ac: ;   {runtime_call}
  0x000002048f6bb2ac: 49ba d090 | fb6d f87f | 0000 41ff | d249 8be4 | 4d33 e4e9 | 3fff ffff | f4f4 f4f4 
[/MachCode]


Compiled method (c1)  766025 1826       3       com.github.xpenatan.webgpu.WGPUCommandEncoder::beginRenderPass (41 bytes)
 total in heap  [0x0000020487d95990,0x0000020487d95f38] = 1448
 relocation     [0x0000020487d95ae8,0x0000020487d95b40] = 88
 main code      [0x0000020487d95b40,0x0000020487d95da0] = 608
 stub code      [0x0000020487d95da0,0x0000020487d95de8] = 72
 oops           [0x0000020487d95de8,0x0000020487d95df0] = 8
 metadata       [0x0000020487d95df0,0x0000020487d95e28] = 56
 scopes data    [0x0000020487d95e28,0x0000020487d95e68] = 64
 scopes pcs     [0x0000020487d95e68,0x0000020487d95ef8] = 144
 dependencies   [0x0000020487d95ef8,0x0000020487d95f08] = 16
 nul chk table  [0x0000020487d95f08,0x0000020487d95f38] = 48

[Constant Pool (empty)]

[MachCode]
[Entry Point]
  # {method} {0x00000204e4693710} 'beginRenderPass' '(Lcom/github/xpenatan/webgpu/WGPURenderPassDescriptor;Lcom/github/xpenatan/webgpu/WGPURenderPassEncoder;)V' in 'com/github/xpenatan/webgpu/WGPUCommandEncoder'
  # this:     rdx:rdx   = 'com/github/xpenatan/webgpu/WGPUCommandEncoder'
  # parm0:    r8:r8     = 'com/github/xpenatan/webgpu/WGPURenderPassDescriptor'
  # parm1:    r9:r9     = 'com/github/xpenatan/webgpu/WGPURenderPassEncoder'
  #           [sp+0x80]  (sp of caller)
  0x0000020487d95b40: 448b 5208 | 49bb 0000 | 00a3 0402 | 0000 4d03 | d34c 3bd0 

  0x0000020487d95b54: ;   {runtime_call ic_miss_stub}
  0x0000020487d95b54: 0f85 26b5 | 1807 660f | 1f44 0000 
[Verified Entry Point]
  0x0000020487d95b60: 8984 2400 | 90ff ff55 | 4883 ec70 

  0x0000020487d95b6c: ;   {metadata(method data for {method} {0x00000204e4693710} 'beginRenderPass' '(Lcom/github/xpenatan/webgpu/WGPURenderPassDescriptor;Lcom/github/xpenatan/webgpu/WGPURenderPassEncoder;)V' in 'com/github/xpenatan/webgpu/WGPUCommandEncoder')}
  0x0000020487d95b6c: 48be d854 | a2e4 0402 | 0000 8bbe | cc00 0000 | 83c7 0289 | becc 0000 | 0081 e7fe | 0700 0083 
  0x0000020487d95b8c: ff00 0f84 | 9301 0000 

  0x0000020487d95b94: ;   {metadata(method data for {method} {0x00000204e4693710} 'beginRenderPass' '(Lcom/github/xpenatan/webgpu/WGPURenderPassDescriptor;Lcom/github/xpenatan/webgpu/WGPURenderPassEncoder;)V' in 'com/github/xpenatan/webgpu/WGPUCommandEncoder')}
  0x0000020487d95b94: 488b f248 | bfd8 54a2 | e404 0200 | 0048 8387 | 1001 0000 | 018b 720c | 48c1 e603 

  0x0000020487d95bb0: ; implicit exception: dispatches to 0x0000020487d95d48
  0x0000020487d95bb0: 483b 0648 

  0x0000020487d95bb4: ;   {metadata(method data for {method} {0x00000204e4693710} 'beginRenderPass' '(Lcom/github/xpenatan/webgpu/WGPURenderPassDescriptor;Lcom/github/xpenatan/webgpu/WGPURenderPassEncoder;)V' in 'com/github/xpenatan/webgpu/WGPUCommandEncoder')}
  0x0000020487d95bb4: 8bfe 48bb | d854 a2e4 | 0402 0000 | 4883 8360 | 0100 0001 | 488b 7e10 | 4983 f800 

  0x0000020487d95bd0: ;   {metadata(method data for {method} {0x00000204e4693710} 'beginRenderPass' '(Lcom/github/xpenatan/webgpu/WGPURenderPassDescriptor;Lcom/github/xpenatan/webgpu/WGPURenderPassEncoder;)V' in 'com/github/xpenatan/webgpu/WGPUCommandEncoder')}
  0x0000020487d95bd0: 48be d854 | a2e4 0402 | 0000 48c7 | c380 0100 | 000f 8407 | 0000 0048 | c7c3 9001 | 0000 488b 
  0x0000020487d95bf0: 041e 488d | 4001 4889 | 041e 0f84 | 5100 0000 

  0x0000020487d95c00: ; implicit exception: dispatches to 0x0000020487d95d4d
  0x0000020487d95c00: 493b 0049 

  0x0000020487d95c04: ;   {metadata(method data for {method} {0x00000204e4693710} 'beginRenderPass' '(Lcom/github/xpenatan/webgpu/WGPURenderPassDescriptor;Lcom/github/xpenatan/webgpu/WGPURenderPassEncoder;)V' in 'com/github/xpenatan/webgpu/WGPUCommandEncoder')}
  0x0000020487d95c04: 8bf0 48bb | d854 a2e4 | 0402 0000 | 4883 83a0 | 0100 0001 | 418b 700c | 48c1 e603 

  0x0000020487d95c20: ; implicit exception: dispatches to 0x0000020487d95d52
  0x0000020487d95c20: 483b 0648 

  0x0000020487d95c24: ;   {metadata(method data for {method} {0x00000204e4693710} 'beginRenderPass' '(Lcom/github/xpenatan/webgpu/WGPURenderPassDescriptor;Lcom/github/xpenatan/webgpu/WGPURenderPassEncoder;)V' in 'com/github/xpenatan/webgpu/WGPUCommandEncoder')}
  0x0000020487d95c24: 8bde 48b8 | d854 a2e4 | 0402 0000 | 4883 80f0 | 0100 0001 | 488b 5e10 

  0x0000020487d95c3c: ;   {metadata(method data for {method} {0x00000204e4693710} 'beginRenderPass' '(Lcom/github/xpenatan/webgpu/WGPURenderPassDescriptor;Lcom/github/xpenatan/webgpu/WGPURenderPassEncoder;)V' in 'com/github/xpenatan/webgpu/WGPUCommandEncoder')}
  0x0000020487d95c3c: 48be d854 | a2e4 0402 | 0000 ff86 | 1002 0000 | e907 0000 | 0048 c7c3 | 0000 0000 | 4983 f900 
  0x0000020487d95c5c: ;   {metadata(method data for {method} {0x00000204e4693710} 'beginRenderPass' '(Lcom/github/xpenatan/webgpu/WGPURenderPassDescriptor;Lcom/github/xpenatan/webgpu/WGPURenderPassEncoder;)V' in 'com/github/xpenatan/webgpu/WGPUCommandEncoder')}
  0x0000020487d95c5c: 48be d854 | a2e4 0402 | 0000 48c7 | c028 0200 | 000f 8407 | 0000 0048 | c7c0 3802 | 0000 488b 
  0x0000020487d95c7c: 0c06 488d | 4901 4889 | 0c06 0f84 | 5100 0000 

  0x0000020487d95c8c: ; implicit exception: dispatches to 0x0000020487d95d57
  0x0000020487d95c8c: 493b 0149 

  0x0000020487d95c90: ;   {metadata(method data for {method} {0x00000204e4693710} 'beginRenderPass' '(Lcom/github/xpenatan/webgpu/WGPURenderPassDescriptor;Lcom/github/xpenatan/webgpu/WGPURenderPassEncoder;)V' in 'com/github/xpenatan/webgpu/WGPUCommandEncoder')}
  0x0000020487d95c90: 8bf1 48b8 | d854 a2e4 | 0402 0000 | 4883 8048 | 0200 0001 | 418b 710c | 48c1 e603 

  0x0000020487d95cac: ; implicit exception: dispatches to 0x0000020487d95d5c
  0x0000020487d95cac: 483b 0648 

  0x0000020487d95cb0: ;   {metadata(method data for {method} {0x00000204e4693710} 'beginRenderPass' '(Lcom/github/xpenatan/webgpu/WGPURenderPassDescriptor;Lcom/github/xpenatan/webgpu/WGPURenderPassEncoder;)V' in 'com/github/xpenatan/webgpu/WGPUCommandEncoder')}
  0x0000020487d95cb0: 8bc6 48b9 | d854 a2e4 | 0402 0000 | 4883 8198 | 0200 0001 | 488b 4610 

  0x0000020487d95cc8: ;   {metadata(method data for {method} {0x00000204e4693710} 'beginRenderPass' '(Lcom/github/xpenatan/webgpu/WGPURenderPassDescriptor;Lcom/github/xpenatan/webgpu/WGPURenderPassEncoder;)V' in 'com/github/xpenatan/webgpu/WGPUCommandEncoder')}
  0x0000020487d95cc8: 48be d854 | a2e4 0402 | 0000 ff86 | b802 0000 | e907 0000 | 0048 c7c0 | 0000 0000 | 4c89 4c24 
  0x0000020487d95ce8: 504c 8944 | 2458 4889 

  0x0000020487d95cf0: ;   {metadata(method data for {method} {0x00000204e4693710} 'beginRenderPass' '(Lcom/github/xpenatan/webgpu/WGPURenderPassDescriptor;Lcom/github/xpenatan/webgpu/WGPURenderPassEncoder;)V' in 'com/github/xpenatan/webgpu/WGPUCommandEncoder')}
  0x0000020487d95cf0: 5424 6048 | bed8 54a2 | e404 0200 | 0048 8386 | d002 0000 | 0148 8bd7 | 4c8b c34c 

  0x0000020487d95d0c: ;   {static_call}
  0x0000020487d95d0c: 8bc8 90e8 

  0x0000020487d95d10: ; ImmutableOopMap {[96]=Oop [80]=Oop [88]=Oop }
                      ;*invokestatic internal_native_BeginRenderPass {reexecute=0 rethrow=0 return_oop=0}
                      ; - com.github.xpenatan.webgpu.WGPUCommandEncoder::beginRenderPass@37 (line 91)
  0x0000020487d95d10: ac53 9207 | 4883 c470 

  0x0000020487d95d18: ;   {poll_return}
  0x0000020487d95d18: 5d49 3ba7 | 5003 0000 | 0f87 3b00 

  0x0000020487d95d24: ;   {metadata({method} {0x00000204e4693710} 'beginRenderPass' '(Lcom/github/xpenatan/webgpu/WGPURenderPassDescriptor;Lcom/github/xpenatan/webgpu/WGPURenderPassEncoder;)V' in 'com/github/xpenatan/webgpu/WGPUCommandEncoder')}
  0x0000020487d95d24: 0000 c349 | ba08 3769 | e404 0200 | 004c 8954 | 2408 48c7 | 0424 ffff 

  0x0000020487d95d3c: ;   {runtime_call counter_overflow Runtime1 stub}
  0x0000020487d95d3c: ffff e83d 

  0x0000020487d95d40: ; ImmutableOopMap {rdx=Oop r8=Oop r9=Oop }
                      ;*synchronization entry
                      ; - com.github.xpenatan.webgpu.WGPUCommandEncoder::beginRenderPass@-1 (line 91)
  0x0000020487d95d40: 5e24 07e9 | 4cfe ffff 

  0x0000020487d95d48: ;   {runtime_call throw_null_pointer_exception Runtime1 stub}
  0x0000020487d95d48: e8d3 0624 

  0x0000020487d95d4c: ; ImmutableOopMap {rdx=Oop r8=Oop r9=Oop rsi=Oop }
                      ;*invokevirtual getCPointer {reexecute=0 rethrow=0 return_oop=0}
                      ; - com.github.xpenatan.webgpu.WGPUCommandEncoder::beginRenderPass@4 (line 91)
                      ;   {runtime_call throw_null_pointer_exception Runtime1 stub}
  0x0000020487d95d4c: 07e8 ce06 

  0x0000020487d95d50: ; ImmutableOopMap {rdx=Oop r8=Oop r9=Oop }
                      ;*invokevirtual getNativeData {reexecute=0 rethrow=0 return_oop=0}
                      ; - com.github.xpenatan.webgpu.WGPUCommandEncoder::beginRenderPass@12 (line 91)
                      ;   {runtime_call throw_null_pointer_exception Runtime1 stub}
  0x0000020487d95d50: 2407 e8c9 

  0x0000020487d95d54: ; ImmutableOopMap {rdx=Oop r8=Oop r9=Oop rsi=Oop }
                      ;*invokevirtual getCPointer {reexecute=0 rethrow=0 return_oop=0}
                      ; - com.github.xpenatan.webgpu.WGPUCommandEncoder::beginRenderPass@15 (line 91)
                      ;   {runtime_call throw_null_pointer_exception Runtime1 stub}
  0x0000020487d95d54: 0624 07e8 

  0x0000020487d95d58: ; ImmutableOopMap {rdx=Oop r8=Oop r9=Oop }
                      ;*invokevirtual getNativeData {reexecute=0 rethrow=0 return_oop=0}
                      ; - com.github.xpenatan.webgpu.WGPUCommandEncoder::beginRenderPass@27 (line 91)
  0x0000020487d95d58: c406 2407 

  0x0000020487d95d5c: ;   {runtime_call throw_null_pointer_exception Runtime1 stub}
  0x0000020487d95d5c: e8bf 0624 

  0x0000020487d95d60: ; ImmutableOopMap {rdx=Oop r8=Oop r9=Oop rsi=Oop }
                      ;*invokevirtual getCPointer {reexecute=0 rethrow=0 return_oop=0}
                      ; - com.github.xpenatan.webgpu.WGPUCommandEncoder::beginRenderPass@30 (line 91)
                      ;   {internal_word}
  0x0000020487d95d60: 0749 ba19 | 5dd9 8704 | 0200 004d | 8997 6803 

  0x0000020487d95d70: ;   {runtime_call SafepointBlob}
  0x0000020487d95d70: 0000 e989 | 1c19 0790 | 9049 8b87 | e003 0000 | 49c7 87e0 | 0300 0000 | 0000 0049 | c787 e803 
  0x0000020487d95d90: 0000 0000 | 0000 4883 

  0x0000020487d95d98: ;   {runtime_call unwind_exception Runtime1 stub}
  0x0000020487d95d98: c470 5de9 | 60f4 2307 
[Stub Code]
  0x0000020487d95da0: ;   {no_reloc}
  0x0000020487d95da0: 0f1f 4400 

  0x0000020487d95da4: ;   {static_stub}
  0x0000020487d95da4: 0048 bb00 | 0000 0000 

  0x0000020487d95dac: ;   {runtime_call}
  0x0000020487d95dac: 0000 00e9 | fbff ffff 
[Exception Handler]
  0x0000020487d95db4: ;   {runtime_call handle_exception_from_callee Runtime1 stub}
  0x0000020487d95db4: e8c7 4a24 

  0x0000020487d95db8: ;   {external_word}
  0x0000020487d95db8: 0748 b940 | ea1f 6ef8 | 7f00 0048 

  0x0000020487d95dc4: ;   {runtime_call}
  0x0000020487d95dc4: 83e4 f049 | ba90 53e8 | 6df8 7f00 | 0041 ffd2 

  0x0000020487d95dd4: ;   {section_word}
  0x0000020487d95dd4: f449 bad5 | 5dd9 8704 | 0200 0041 

  0x0000020487d95de0: ;   {runtime_call DeoptimizationBlob}
  0x0000020487d95de0: 52e9 ba0e | 1907 f4f4 
[/MachCode]


Compiled method (c1)  766032 1780       3       com.monstrous.gdx.webgpu.wrappers.RenderPassBuilder::create (15 bytes)
 total in heap  [0x0000020487d7f910,0x0000020487d7fc98] = 904
 relocation     [0x0000020487d7fa68,0x0000020487d7faa0] = 56
 main code      [0x0000020487d7faa0,0x0000020487d7fbc0] = 288
 stub code      [0x0000020487d7fbc0,0x0000020487d7fc08] = 72
 oops           [0x0000020487d7fc08,0x0000020487d7fc10] = 8
 metadata       [0x0000020487d7fc10,0x0000020487d7fc18] = 8
 scopes data    [0x0000020487d7fc18,0x0000020487d7fc50] = 56
 scopes pcs     [0x0000020487d7fc50,0x0000020487d7fc90] = 64
 dependencies   [0x0000020487d7fc90,0x0000020487d7fc98] = 8

[Constant Pool (empty)]

[MachCode]
[Verified Entry Point]
  # {method} {0x00000204e499cde0} 'create' '(Ljava/lang/String;Lcom/badlogic/gdx/graphics/Color;ZLcom/monstrous/gdx/webgpu/graphics/WgTexture;Lcom/monstrous/gdx/webgpu/graphics/WgTexture;I)Lcom/monstrous/gdx/webgpu/wrappers/WebGPURenderPass;' in 'com/monstrous/gdx/webgpu/wrappers/RenderPassBuilder'
  # parm0:    rdx:rdx   = 'java/lang/String'
  # parm1:    r8:r8     = 'com/badlogic/gdx/graphics/Color'
  # parm2:    r9        = boolean
  # parm3:    rdi:rdi   = 'com/monstrous/gdx/webgpu/graphics/WgTexture'
  # parm4:    rsi:rsi   = 'com/monstrous/gdx/webgpu/graphics/WgTexture'
  # parm5:    rcx       = int
  #           [sp+0x80]  (sp of caller)
  0x0000020487d7faa0: 8984 2400 | 90ff ff55 | 4883 ec70 

  0x0000020487d7faac: ;   {metadata(method data for {method} {0x00000204e499cde0} 'create' '(Ljava/lang/String;Lcom/badlogic/gdx/graphics/Color;ZLcom/monstrous/gdx/webgpu/graphics/WgTexture;Lcom/monstrous/gdx/webgpu/graphics/WgTexture;I)Lcom/monstrous/gdx/webgpu/wrappers/WebGPURenderPass;' in 'com/monstrous/gdx/webgpu/wrappers/RenderPassBuilder')}
  0x0000020487d7faac: 48bb 18f4 | a1e4 0402 | 0000 8b83 | cc00 0000 | 83c0 0289 | 83cc 0000 | 0081 e0fe | 0700 0083 
  0x0000020487d7facc: f800 0f84 | 7b00 0000 

  0x0000020487d7fad4: ;   {metadata(method data for {method} {0x00000204e499cde0} 'create' '(Ljava/lang/String;Lcom/badlogic/gdx/graphics/Color;ZLcom/monstrous/gdx/webgpu/graphics/WgTexture;Lcom/monstrous/gdx/webgpu/graphics/WgTexture;I)Lcom/monstrous/gdx/webgpu/wrappers/WebGPURenderPass;' in 'com/monstrous/gdx/webgpu/wrappers/RenderPassBuilder')}
  0x0000020487d7fad4: 48bb 18f4 | a1e4 0402 | 0000 4883 | 8310 0100 | 0001 488b | da48 8bd3 | 498b c04c | 8bc0 4d8b 
  0x0000020487d7faf4: d94d 8bcb | 4c8b ef49 | 8bfd 4c8b | f649 8bf6 | 894c 2440 | 8b4c 2440 

  0x0000020487d7fb0c: ;   {oop(a 'com/monstrous/gdx/webgpu/wrappers/RenderPassType'{0x0000000713eae408})}
  0x0000020487d7fb0c: 49ba 08e4 | ea13 0700 | 0000 4c89 | 1424 4889 | 5c24 6048 | 8944 2458 | 4489 5c24 | 444c 896c 
  0x0000020487d7fb2c: 2450 4c89 | 7424 480f 

  0x0000020487d7fb34: ;   {static_call}
  0x0000020487d7fb34: 1f40 00e8 

  0x0000020487d7fb38: ; ImmutableOopMap {[96]=Oop [72]=Oop [80]=Oop [88]=Oop }
                      ;*invokestatic create {reexecute=0 rethrow=0 return_oop=0}
                      ; - com.monstrous.gdx.webgpu.wrappers.RenderPassBuilder::create@11 (line 62)
  0x0000020487d7fb38: 441e 1a07 | 4883 c470 

  0x0000020487d7fb40: ;   {poll_return}
  0x0000020487d7fb40: 5d49 3ba7 | 5003 0000 | 0f87 2200 

  0x0000020487d7fb4c: ;   {metadata({method} {0x00000204e499cde0} 'create' '(Ljava/lang/String;Lcom/badlogic/gdx/graphics/Color;ZLcom/monstrous/gdx/webgpu/graphics/WgTexture;Lcom/monstrous/gdx/webgpu/graphics/WgTexture;I)Lcom/monstrous/gdx/webgpu/wrappers/WebGPURenderPass;' in 'com/monstrous/gdx/webgpu/wrappers/RenderPassBuilder')}
  0x0000020487d7fb4c: 0000 c349 | bad8 cd99 | e404 0200 | 004c 8954 | 2408 48c7 | 0424 ffff 

  0x0000020487d7fb64: ;   {runtime_call counter_overflow Runtime1 stub}
  0x0000020487d7fb64: ffff e815 

  0x0000020487d7fb68: ; ImmutableOopMap {rdx=Oop r8=Oop rdi=Oop rsi=Oop }
                      ;*synchronization entry
                      ; - com.monstrous.gdx.webgpu.wrappers.RenderPassBuilder::create@-1 (line 62)
  0x0000020487d7fb68: c025 07e9 | 64ff ffff 

  0x0000020487d7fb70: ;   {internal_word}
  0x0000020487d7fb70: 49ba 41fb | d787 0402 | 0000 4d89 | 9768 0300 

  0x0000020487d7fb80: ;   {runtime_call SafepointBlob}
  0x0000020487d7fb80: 00e9 7a7e | 1a07 9090 | 498b 87e0 | 0300 0049 | c787 e003 | 0000 0000 | 0000 49c7 | 87e8 0300 
  0x0000020487d7fba0: 0000 0000 | 0048 83c4 

  0x0000020487d7fba8: ;   {runtime_call unwind_exception Runtime1 stub}
  0x0000020487d7fba8: 705d e951 | 5625 07f4 | f4f4 f4f4 | f4f4 f4f4 | f4f4 f4f4 | f4f4 f4f4 
[Stub Code]
  0x0000020487d7fbc0: ;   {no_reloc}
  0x0000020487d7fbc0: 0f1f 4400 

  0x0000020487d7fbc4: ;   {static_stub}
  0x0000020487d7fbc4: 0048 bb40 | d299 e404 

  0x0000020487d7fbcc: ;   {runtime_call I2C/C2I adapters}
  0x0000020487d7fbcc: 0200 00e9 | a50a 1c07 
[Exception Handler]
  0x0000020487d7fbd4: ;   {runtime_call handle_exception_from_callee Runtime1 stub}
  0x0000020487d7fbd4: e8a7 ac25 

  0x0000020487d7fbd8: ;   {external_word}
  0x0000020487d7fbd8: 0748 b940 | ea1f 6ef8 | 7f00 0048 

  0x0000020487d7fbe4: ;   {runtime_call}
  0x0000020487d7fbe4: 83e4 f049 | ba90 53e8 | 6df8 7f00 | 0041 ffd2 

  0x0000020487d7fbf4: ;   {section_word}
  0x0000020487d7fbf4: f449 baf5 | fbd7 8704 | 0200 0041 

  0x0000020487d7fc00: ;   {runtime_call DeoptimizationBlob}
  0x0000020487d7fc00: 52e9 9a70 | 1a07 f4f4 
[/MachCode]


---------------  P R O C E S S  ---------------

Threads class SMR info:
_java_thread_list=0x00000204f12ceb60, length=18, elements={
0x00000204fe6653f0, 0x00000204ffe6c8e0, 0x00000204ffe6df20, 0x00000204ffe7f0f0,
0x00000204ffe86550, 0x00000204ffe87e30, 0x00000204ffe89270, 0x00000204ffe8b600,
0x00000204ffe8bfc0, 0x00000204ffe9b700, 0x00000204ffe52150, 0x00000204a270a740,
0x00000204a272c2f0, 0x00000204a272f810, 0x00000204a2887bd0, 0x00000204a28946b0,
0x00000204a26c9590, 0x00000204fa2c5690
}

Java Threads: ( => current thread )
=>0x00000204fe6653f0 JavaThread "main" [_thread_in_native, id=34976, stack(0x000000e8e9b00000,0x000000e8e9c00000)]
  0x00000204ffe6c8e0 JavaThread "Reference Handler" daemon [_thread_blocked, id=13956, stack(0x000000e8ea200000,0x000000e8ea300000)]
  0x00000204ffe6df20 JavaThread "Finalizer" daemon [_thread_blocked, id=15260, stack(0x000000e8ea300000,0x000000e8ea400000)]
  0x00000204ffe7f0f0 JavaThread "Signal Dispatcher" daemon [_thread_blocked, id=21048, stack(0x000000e8ea400000,0x000000e8ea500000)]
  0x00000204ffe86550 JavaThread "Attach Listener" daemon [_thread_blocked, id=27500, stack(0x000000e8ea500000,0x000000e8ea600000)]
  0x00000204ffe87e30 JavaThread "Service Thread" daemon [_thread_blocked, id=4520, stack(0x000000e8ea600000,0x000000e8ea700000)]
  0x00000204ffe89270 JavaThread "Monitor Deflation Thread" daemon [_thread_blocked, id=6872, stack(0x000000e8ea700000,0x000000e8ea800000)]
  0x00000204ffe8b600 JavaThread "C2 CompilerThread0" daemon [_thread_blocked, id=3708, stack(0x000000e8ea800000,0x000000e8ea900000)]
  0x00000204ffe8bfc0 JavaThread "C1 CompilerThread0" daemon [_thread_blocked, id=25360, stack(0x000000e8ea900000,0x000000e8eaa00000)]
  0x00000204ffe9b700 JavaThread "Sweeper thread" daemon [_thread_blocked, id=18976, stack(0x000000e8eaa00000,0x000000e8eab00000)]
  0x00000204ffe52150 JavaThread "Common-Cleaner" daemon [_thread_blocked, id=26140, stack(0x000000e8eab00000,0x000000e8eac00000)]
  0x00000204a270a740 JavaThread "JDWP Transport Listener: dt_socket" daemon [_thread_blocked, id=20224, stack(0x000000e8eaf00000,0x000000e8eb000000)]
  0x00000204a272c2f0 JavaThread "JDWP Event Helper Thread" daemon [_thread_blocked, id=21940, stack(0x000000e8eb000000,0x000000e8eb100000)]
  0x00000204a272f810 JavaThread "JDWP Command Reader" daemon [_thread_in_native, id=18380, stack(0x000000e8eb100000,0x000000e8eb200000)]
  0x00000204a2887bd0 JavaThread "IntelliJ Suspend Helper" daemon [_thread_blocked, id=24244, stack(0x000000e8eb200000,0x000000e8eb300000)]
  0x00000204a28946b0 JavaThread "Notification Thread" daemon [_thread_blocked, id=23628, stack(0x000000e8eb300000,0x000000e8eb400000)]
  0x00000204a26c9590 JavaThread "Thread-1" daemon [_thread_blocked, id=31456, stack(0x000000e8eae00000,0x000000e8eaf00000)]
  0x00000204fa2c5690 JavaThread "Timer" daemon [_thread_blocked, id=28220, stack(0x000000e8e9a00000,0x000000e8e9b00000)]

Other Threads:
  0x00000204ffe61900 VMThread "VM Thread" [stack: 0x000000e8ea100000,0x000000e8ea200000] [id=7640]
  0x00000204a27770c0 WatcherThread [stack: 0x000000e8eb400000,0x000000e8eb500000] [id=18852]
  0x00000204fe6d3b30 GCTaskThread "GC Thread#0" [stack: 0x000000e8e9c00000,0x000000e8e9d00000] [id=26344]
  0x00000204f0ef9dd0 GCTaskThread "GC Thread#1" [stack: 0x000000e8ec700000,0x000000e8ec800000] [id=19076]
  0x00000204ed9d1a70 GCTaskThread "GC Thread#2" [stack: 0x000000e8ec800000,0x000000e8ec900000] [id=30064]
  0x00000204f1a48650 GCTaskThread "GC Thread#3" [stack: 0x000000e8ec900000,0x000000e8eca00000] [id=20252]
  0x00000204f1a4ec20 GCTaskThread "GC Thread#4" [stack: 0x000000e8eca00000,0x000000e8ecb00000] [id=19440]
  0x00000204f0f83940 GCTaskThread "GC Thread#5" [stack: 0x000000e8ecb00000,0x000000e8ecc00000] [id=32332]
  0x00000204ed633240 GCTaskThread "GC Thread#6" [stack: 0x000000e8ecc00000,0x000000e8ecd00000] [id=17716]
  0x00000204ed6337c0 GCTaskThread "GC Thread#7" [stack: 0x000000e8ecd00000,0x000000e8ece00000] [id=33612]
  0x00000204ed632740 GCTaskThread "GC Thread#8" [stack: 0x000000e8ece00000,0x000000e8ecf00000] [id=18196]
  0x00000204ed632a00 GCTaskThread "GC Thread#9" [stack: 0x000000e8ecf00000,0x000000e8ed000000] [id=30744]
  0x00000204ed633d40 GCTaskThread "GC Thread#10" [stack: 0x000000e8ed000000,0x000000e8ed100000] [id=30656]
  0x00000204fc23ea10 ConcurrentGCThread "G1 Main Marker" [stack: 0x000000e8e9d00000,0x000000e8e9e00000] [id=24952]
  0x00000204fe6e11c0 ConcurrentGCThread "G1 Conc#0" [stack: 0x000000e8e9e00000,0x000000e8e9f00000] [id=21892]
  0x00000204ffd9d870 ConcurrentGCThread "G1 Refine#0" [stack: 0x000000e8e9f00000,0x000000e8ea000000] [id=25704]
  0x00000204ffd9f060 ConcurrentGCThread "G1 Service" [stack: 0x000000e8ea000000,0x000000e8ea100000] [id=8040]

Threads with active compile tasks:

VM state: not at safepoint (normal execution)

VM Mutex/Monitor currently owned by a thread: None

Heap address: 0x0000000704e00000, size: 4018 MB, Compressed Oops mode: Zero based, Oop shift amount: 3

CDS archive(s) mapped at: [0x00000204a3000000-0x00000204a3bb0000-0x00000204a3bb0000), size 12255232, SharedBaseAddress: 0x00000204a3000000, ArchiveRelocationMode: 1.
Compressed class space mapped at: 0x00000204a4000000-0x00000204e4000000, reserved size: 1073741824
Narrow klass base: 0x00000204a3000000, Narrow klass shift: 0, Narrow klass range: 0x100000000

GC Precious Log:
 CPUs: 20 total, 20 available
 Memory: 16068M
 Large Page Support: Disabled
 NUMA Support: Disabled
 Compressed Oops: Enabled (Zero based)
 Heap Region Size: 2M
 Heap Min Capacity: 8M
 Heap Initial Capacity: 252M
 Heap Max Capacity: 4018M
 Pre-touch: Disabled
 Parallel Workers: 15
 Concurrent Workers: 4
 Concurrent Refinement Workers: 15
 Periodic GC: Disabled

Heap:
 garbage-first heap   total 258048K, used 17184K [0x0000000704e00000, 0x0000000800000000)
  region size 2048K, 10 young (20480K), 2 survivors (4096K)
 Metaspace       used 11548K, committed 11840K, reserved 1114112K
  class space    used 1058K, committed 1216K, reserved 1048576K

Heap Regions: E=young(eden), S=young(survivor), O=old, HS=humongous(starts), HC=humongous(continues), CS=collection set, F=free, OA=open archive, CA=closed archive, TAMS=top-at-mark-start (previous, next)
|   0|0x0000000704e00000, 0x0000000704e00000, 0x0000000705000000|  0%| F|  |TAMS 0x0000000704e00000, 0x0000000704e00000| Untracked 
|   1|0x0000000705000000, 0x0000000705000000, 0x0000000705200000|  0%| F|  |TAMS 0x0000000705000000, 0x0000000705000000| Untracked 
|   2|0x0000000705200000, 0x0000000705200000, 0x0000000705400000|  0%| F|  |TAMS 0x0000000705200000, 0x0000000705200000| Untracked 
|   3|0x0000000705400000, 0x0000000705400000, 0x0000000705600000|  0%| F|  |TAMS 0x0000000705400000, 0x0000000705400000| Untracked 
|   4|0x0000000705600000, 0x0000000705600000, 0x0000000705800000|  0%| F|  |TAMS 0x0000000705600000, 0x0000000705600000| Untracked 
|   5|0x0000000705800000, 0x0000000705800000, 0x0000000705a00000|  0%| F|  |TAMS 0x0000000705800000, 0x0000000705800000| Untracked 
|   6|0x0000000705a00000, 0x0000000705a00000, 0x0000000705c00000|  0%| F|  |TAMS 0x0000000705a00000, 0x0000000705a00000| Untracked 
|   7|0x0000000705c00000, 0x0000000705c00000, 0x0000000705e00000|  0%| F|  |TAMS 0x0000000705c00000, 0x0000000705c00000| Untracked 
|   8|0x0000000705e00000, 0x0000000705e00000, 0x0000000706000000|  0%| F|  |TAMS 0x0000000705e00000, 0x0000000705e00000| Untracked 
|   9|0x0000000706000000, 0x0000000706000000, 0x0000000706200000|  0%| F|  |TAMS 0x0000000706000000, 0x0000000706000000| Untracked 
|  10|0x0000000706200000, 0x0000000706200000, 0x0000000706400000|  0%| F|  |TAMS 0x0000000706200000, 0x0000000706200000| Untracked 
|  11|0x0000000706400000, 0x0000000706400000, 0x0000000706600000|  0%| F|  |TAMS 0x0000000706400000, 0x0000000706400000| Untracked 
|  12|0x0000000706600000, 0x0000000706600000, 0x0000000706800000|  0%| F|  |TAMS 0x0000000706600000, 0x0000000706600000| Untracked 
|  13|0x0000000706800000, 0x0000000706800000, 0x0000000706a00000|  0%| F|  |TAMS 0x0000000706800000, 0x0000000706800000| Untracked 
|  14|0x0000000706a00000, 0x0000000706a00000, 0x0000000706c00000|  0%| F|  |TAMS 0x0000000706a00000, 0x0000000706a00000| Untracked 
|  15|0x0000000706c00000, 0x0000000706c00000, 0x0000000706e00000|  0%| F|  |TAMS 0x0000000706c00000, 0x0000000706c00000| Untracked 
|  16|0x0000000706e00000, 0x0000000706e00000, 0x0000000707000000|  0%| F|  |TAMS 0x0000000706e00000, 0x0000000706e00000| Untracked 
|  17|0x0000000707000000, 0x0000000707000000, 0x0000000707200000|  0%| F|  |TAMS 0x0000000707000000, 0x0000000707000000| Untracked 
|  18|0x0000000707200000, 0x0000000707200000, 0x0000000707400000|  0%| F|  |TAMS 0x0000000707200000, 0x0000000707200000| Untracked 
|  19|0x0000000707400000, 0x0000000707400000, 0x0000000707600000|  0%| F|  |TAMS 0x0000000707400000, 0x0000000707400000| Untracked 
|  20|0x0000000707600000, 0x0000000707600000, 0x0000000707800000|  0%| F|  |TAMS 0x0000000707600000, 0x0000000707600000| Untracked 
|  21|0x0000000707800000, 0x0000000707800000, 0x0000000707a00000|  0%| F|  |TAMS 0x0000000707800000, 0x0000000707800000| Untracked 
|  22|0x0000000707a00000, 0x0000000707a00000, 0x0000000707c00000|  0%| F|  |TAMS 0x0000000707a00000, 0x0000000707a00000| Untracked 
|  23|0x0000000707c00000, 0x0000000707c00000, 0x0000000707e00000|  0%| F|  |TAMS 0x0000000707c00000, 0x0000000707c00000| Untracked 
|  24|0x0000000707e00000, 0x0000000707e00000, 0x0000000708000000|  0%| F|  |TAMS 0x0000000707e00000, 0x0000000707e00000| Untracked 
|  25|0x0000000708000000, 0x0000000708000000, 0x0000000708200000|  0%| F|  |TAMS 0x0000000708000000, 0x0000000708000000| Untracked 
|  26|0x0000000708200000, 0x0000000708200000, 0x0000000708400000|  0%| F|  |TAMS 0x0000000708200000, 0x0000000708200000| Untracked 
|  27|0x0000000708400000, 0x0000000708400000, 0x0000000708600000|  0%| F|  |TAMS 0x0000000708400000, 0x0000000708400000| Untracked 
|  28|0x0000000708600000, 0x0000000708600000, 0x0000000708800000|  0%| F|  |TAMS 0x0000000708600000, 0x0000000708600000| Untracked 
|  29|0x0000000708800000, 0x0000000708800000, 0x0000000708a00000|  0%| F|  |TAMS 0x0000000708800000, 0x0000000708800000| Untracked 
|  30|0x0000000708a00000, 0x0000000708a00000, 0x0000000708c00000|  0%| F|  |TAMS 0x0000000708a00000, 0x0000000708a00000| Untracked 
|  31|0x0000000708c00000, 0x0000000708c00000, 0x0000000708e00000|  0%| F|  |TAMS 0x0000000708c00000, 0x0000000708c00000| Untracked 
|  32|0x0000000708e00000, 0x0000000708e00000, 0x0000000709000000|  0%| F|  |TAMS 0x0000000708e00000, 0x0000000708e00000| Untracked 
|  33|0x0000000709000000, 0x0000000709000000, 0x0000000709200000|  0%| F|  |TAMS 0x0000000709000000, 0x0000000709000000| Untracked 
|  34|0x0000000709200000, 0x0000000709200000, 0x0000000709400000|  0%| F|  |TAMS 0x0000000709200000, 0x0000000709200000| Untracked 
|  35|0x0000000709400000, 0x0000000709400000, 0x0000000709600000|  0%| F|  |TAMS 0x0000000709400000, 0x0000000709400000| Untracked 
|  36|0x0000000709600000, 0x0000000709600000, 0x0000000709800000|  0%| F|  |TAMS 0x0000000709600000, 0x0000000709600000| Untracked 
|  37|0x0000000709800000, 0x0000000709800000, 0x0000000709a00000|  0%| F|  |TAMS 0x0000000709800000, 0x0000000709800000| Untracked 
|  38|0x0000000709a00000, 0x0000000709a00000, 0x0000000709c00000|  0%| F|  |TAMS 0x0000000709a00000, 0x0000000709a00000| Untracked 
|  39|0x0000000709c00000, 0x0000000709c00000, 0x0000000709e00000|  0%| F|  |TAMS 0x0000000709c00000, 0x0000000709c00000| Untracked 
|  40|0x0000000709e00000, 0x0000000709e00000, 0x000000070a000000|  0%| F|  |TAMS 0x0000000709e00000, 0x0000000709e00000| Untracked 
|  41|0x000000070a000000, 0x000000070a000000, 0x000000070a200000|  0%| F|  |TAMS 0x000000070a000000, 0x000000070a000000| Untracked 
|  42|0x000000070a200000, 0x000000070a200000, 0x000000070a400000|  0%| F|  |TAMS 0x000000070a200000, 0x000000070a200000| Untracked 
|  43|0x000000070a400000, 0x000000070a400000, 0x000000070a600000|  0%| F|  |TAMS 0x000000070a400000, 0x000000070a400000| Untracked 
|  44|0x000000070a600000, 0x000000070a600000, 0x000000070a800000|  0%| F|  |TAMS 0x000000070a600000, 0x000000070a600000| Untracked 
|  45|0x000000070a800000, 0x000000070a800000, 0x000000070aa00000|  0%| F|  |TAMS 0x000000070a800000, 0x000000070a800000| Untracked 
|  46|0x000000070aa00000, 0x000000070aa00000, 0x000000070ac00000|  0%| F|  |TAMS 0x000000070aa00000, 0x000000070aa00000| Untracked 
|  47|0x000000070ac00000, 0x000000070ac00000, 0x000000070ae00000|  0%| F|  |TAMS 0x000000070ac00000, 0x000000070ac00000| Untracked 
|  48|0x000000070ae00000, 0x000000070ae00000, 0x000000070b000000|  0%| F|  |TAMS 0x000000070ae00000, 0x000000070ae00000| Untracked 
|  49|0x000000070b000000, 0x000000070b000000, 0x000000070b200000|  0%| F|  |TAMS 0x000000070b000000, 0x000000070b000000| Untracked 
|  50|0x000000070b200000, 0x000000070b200000, 0x000000070b400000|  0%| F|  |TAMS 0x000000070b200000, 0x000000070b200000| Untracked 
|  51|0x000000070b400000, 0x000000070b400000, 0x000000070b600000|  0%| F|  |TAMS 0x000000070b400000, 0x000000070b400000| Untracked 
|  52|0x000000070b600000, 0x000000070b600000, 0x000000070b800000|  0%| F|  |TAMS 0x000000070b600000, 0x000000070b600000| Untracked 
|  53|0x000000070b800000, 0x000000070b800000, 0x000000070ba00000|  0%| F|  |TAMS 0x000000070b800000, 0x000000070b800000| Untracked 
|  54|0x000000070ba00000, 0x000000070ba00000, 0x000000070bc00000|  0%| F|  |TAMS 0x000000070ba00000, 0x000000070ba00000| Untracked 
|  55|0x000000070bc00000, 0x000000070bc00000, 0x000000070be00000|  0%| F|  |TAMS 0x000000070bc00000, 0x000000070bc00000| Untracked 
|  56|0x000000070be00000, 0x000000070be00000, 0x000000070c000000|  0%| F|  |TAMS 0x000000070be00000, 0x000000070be00000| Untracked 
|  57|0x000000070c000000, 0x000000070c000000, 0x000000070c200000|  0%| F|  |TAMS 0x000000070c000000, 0x000000070c000000| Untracked 
|  58|0x000000070c200000, 0x000000070c200000, 0x000000070c400000|  0%| F|  |TAMS 0x000000070c200000, 0x000000070c200000| Untracked 
|  59|0x000000070c400000, 0x000000070c400000, 0x000000070c600000|  0%| F|  |TAMS 0x000000070c400000, 0x000000070c400000| Untracked 
|  60|0x000000070c600000, 0x000000070c600000, 0x000000070c800000|  0%| F|  |TAMS 0x000000070c600000, 0x000000070c600000| Untracked 
|  61|0x000000070c800000, 0x000000070c800000, 0x000000070ca00000|  0%| F|  |TAMS 0x000000070c800000, 0x000000070c800000| Untracked 
|  62|0x000000070ca00000, 0x000000070ca00000, 0x000000070cc00000|  0%| F|  |TAMS 0x000000070ca00000, 0x000000070ca00000| Untracked 
|  63|0x000000070cc00000, 0x000000070cc00000, 0x000000070ce00000|  0%| F|  |TAMS 0x000000070cc00000, 0x000000070cc00000| Untracked 
|  64|0x000000070ce00000, 0x000000070ce00000, 0x000000070d000000|  0%| F|  |TAMS 0x000000070ce00000, 0x000000070ce00000| Untracked 
|  65|0x000000070d000000, 0x000000070d000000, 0x000000070d200000|  0%| F|  |TAMS 0x000000070d000000, 0x000000070d000000| Untracked 
|  66|0x000000070d200000, 0x000000070d200000, 0x000000070d400000|  0%| F|  |TAMS 0x000000070d200000, 0x000000070d200000| Untracked 
|  67|0x000000070d400000, 0x000000070d400000, 0x000000070d600000|  0%| F|  |TAMS 0x000000070d400000, 0x000000070d400000| Untracked 
|  68|0x000000070d600000, 0x000000070d600000, 0x000000070d800000|  0%| F|  |TAMS 0x000000070d600000, 0x000000070d600000| Untracked 
|  69|0x000000070d800000, 0x000000070d800000, 0x000000070da00000|  0%| F|  |TAMS 0x000000070d800000, 0x000000070d800000| Untracked 
|  70|0x000000070da00000, 0x000000070da00000, 0x000000070dc00000|  0%| F|  |TAMS 0x000000070da00000, 0x000000070da00000| Untracked 
|  71|0x000000070dc00000, 0x000000070dc00000, 0x000000070de00000|  0%| F|  |TAMS 0x000000070dc00000, 0x000000070dc00000| Untracked 
|  72|0x000000070de00000, 0x000000070de00000, 0x000000070e000000|  0%| F|  |TAMS 0x000000070de00000, 0x000000070de00000| Untracked 
|  73|0x000000070e000000, 0x000000070e000000, 0x000000070e200000|  0%| F|  |TAMS 0x000000070e000000, 0x000000070e000000| Untracked 
|  74|0x000000070e200000, 0x000000070e200000, 0x000000070e400000|  0%| F|  |TAMS 0x000000070e200000, 0x000000070e200000| Untracked 
|  75|0x000000070e400000, 0x000000070e400000, 0x000000070e600000|  0%| F|  |TAMS 0x000000070e400000, 0x000000070e400000| Untracked 
|  76|0x000000070e600000, 0x000000070e600000, 0x000000070e800000|  0%| F|  |TAMS 0x000000070e600000, 0x000000070e600000| Untracked 
|  77|0x000000070e800000, 0x000000070e800000, 0x000000070ea00000|  0%| F|  |TAMS 0x000000070e800000, 0x000000070e800000| Untracked 
|  78|0x000000070ea00000, 0x000000070ea00000, 0x000000070ec00000|  0%| F|  |TAMS 0x000000070ea00000, 0x000000070ea00000| Untracked 
|  79|0x000000070ec00000, 0x000000070ec00000, 0x000000070ee00000|  0%| F|  |TAMS 0x000000070ec00000, 0x000000070ec00000| Untracked 
|  80|0x000000070ee00000, 0x000000070ee00000, 0x000000070f000000|  0%| F|  |TAMS 0x000000070ee00000, 0x000000070ee00000| Untracked 
|  81|0x000000070f000000, 0x000000070f000000, 0x000000070f200000|  0%| F|  |TAMS 0x000000070f000000, 0x000000070f000000| Untracked 
|  82|0x000000070f200000, 0x000000070f200000, 0x000000070f400000|  0%| F|  |TAMS 0x000000070f200000, 0x000000070f200000| Untracked 
|  83|0x000000070f400000, 0x000000070f400000, 0x000000070f600000|  0%| F|  |TAMS 0x000000070f400000, 0x000000070f400000| Untracked 
|  84|0x000000070f600000, 0x000000070f600000, 0x000000070f800000|  0%| F|  |TAMS 0x000000070f600000, 0x000000070f600000| Untracked 
|  85|0x000000070f800000, 0x000000070f800000, 0x000000070fa00000|  0%| F|  |TAMS 0x000000070f800000, 0x000000070f800000| Untracked 
|  86|0x000000070fa00000, 0x000000070fa00000, 0x000000070fc00000|  0%| F|  |TAMS 0x000000070fa00000, 0x000000070fa00000| Untracked 
|  87|0x000000070fc00000, 0x000000070fc00000, 0x000000070fe00000|  0%| F|  |TAMS 0x000000070fc00000, 0x000000070fc00000| Untracked 
|  88|0x000000070fe00000, 0x000000070fe00000, 0x0000000710000000|  0%| F|  |TAMS 0x000000070fe00000, 0x000000070fe00000| Untracked 
|  89|0x0000000710000000, 0x0000000710000000, 0x0000000710200000|  0%| F|  |TAMS 0x0000000710000000, 0x0000000710000000| Untracked 
|  90|0x0000000710200000, 0x0000000710200000, 0x0000000710400000|  0%| F|  |TAMS 0x0000000710200000, 0x0000000710200000| Untracked 
|  91|0x0000000710400000, 0x0000000710400000, 0x0000000710600000|  0%| F|  |TAMS 0x0000000710400000, 0x0000000710400000| Untracked 
|  92|0x0000000710600000, 0x0000000710600000, 0x0000000710800000|  0%| F|  |TAMS 0x0000000710600000, 0x0000000710600000| Untracked 
|  93|0x0000000710800000, 0x0000000710800000, 0x0000000710a00000|  0%| F|  |TAMS 0x0000000710800000, 0x0000000710800000| Untracked 
|  94|0x0000000710a00000, 0x0000000710a00000, 0x0000000710c00000|  0%| F|  |TAMS 0x0000000710a00000, 0x0000000710a00000| Untracked 
|  95|0x0000000710c00000, 0x0000000710c00000, 0x0000000710e00000|  0%| F|  |TAMS 0x0000000710c00000, 0x0000000710c00000| Untracked 
|  96|0x0000000710e00000, 0x0000000710e00000, 0x0000000711000000|  0%| F|  |TAMS 0x0000000710e00000, 0x0000000710e00000| Untracked 
|  97|0x0000000711000000, 0x0000000711000000, 0x0000000711200000|  0%| F|  |TAMS 0x0000000711000000, 0x0000000711000000| Untracked 
|  98|0x0000000711200000, 0x0000000711200000, 0x0000000711400000|  0%| F|  |TAMS 0x0000000711200000, 0x0000000711200000| Untracked 
|  99|0x0000000711400000, 0x0000000711400000, 0x0000000711600000|  0%| F|  |TAMS 0x0000000711400000, 0x0000000711400000| Untracked 
| 100|0x0000000711600000, 0x0000000711600000, 0x0000000711800000|  0%| F|  |TAMS 0x0000000711600000, 0x0000000711600000| Untracked 
| 101|0x0000000711800000, 0x0000000711800000, 0x0000000711a00000|  0%| F|  |TAMS 0x0000000711800000, 0x0000000711800000| Untracked 
| 102|0x0000000711a00000, 0x0000000711a00000, 0x0000000711c00000|  0%| F|  |TAMS 0x0000000711a00000, 0x0000000711a00000| Untracked 
| 103|0x0000000711c00000, 0x0000000711c00000, 0x0000000711e00000|  0%| F|  |TAMS 0x0000000711c00000, 0x0000000711c00000| Untracked 
| 104|0x0000000711e00000, 0x0000000711e00000, 0x0000000712000000|  0%| F|  |TAMS 0x0000000711e00000, 0x0000000711e00000| Untracked 
| 105|0x0000000712000000, 0x0000000712000000, 0x0000000712200000|  0%| F|  |TAMS 0x0000000712000000, 0x0000000712000000| Untracked 
| 106|0x0000000712200000, 0x0000000712200000, 0x0000000712400000|  0%| F|  |TAMS 0x0000000712200000, 0x0000000712200000| Untracked 
| 107|0x0000000712400000, 0x0000000712400000, 0x0000000712600000|  0%| F|  |TAMS 0x0000000712400000, 0x0000000712400000| Untracked 
| 108|0x0000000712600000, 0x0000000712600000, 0x0000000712800000|  0%| F|  |TAMS 0x0000000712600000, 0x0000000712600000| Untracked 
| 109|0x0000000712800000, 0x0000000712800000, 0x0000000712a00000|  0%| F|  |TAMS 0x0000000712800000, 0x0000000712800000| Untracked 
| 110|0x0000000712a00000, 0x0000000712a00000, 0x0000000712c00000|  0%| F|  |TAMS 0x0000000712a00000, 0x0000000712a00000| Untracked 
| 111|0x0000000712c00000, 0x0000000712c00000, 0x0000000712e00000|  0%| F|  |TAMS 0x0000000712c00000, 0x0000000712c00000| Untracked 
| 112|0x0000000712e00000, 0x0000000712e00000, 0x0000000713000000|  0%| F|  |TAMS 0x0000000712e00000, 0x0000000712e00000| Untracked 
| 113|0x0000000713000000, 0x00000007130c8000, 0x0000000713200000| 39%| S|CS|TAMS 0x0000000713000000, 0x0000000713000000| Complete 
| 114|0x0000000713200000, 0x0000000713400000, 0x0000000713400000|100%| S|CS|TAMS 0x0000000713200000, 0x0000000713200000| Complete 
| 115|0x0000000713400000, 0x0000000713400000, 0x0000000713600000|  0%| F|  |TAMS 0x0000000713400000, 0x0000000713400000| Untracked 
| 116|0x0000000713600000, 0x0000000713600000, 0x0000000713800000|  0%| F|  |TAMS 0x0000000713600000, 0x0000000713600000| Untracked 
| 117|0x0000000713800000, 0x0000000713800000, 0x0000000713a00000|  0%| F|  |TAMS 0x0000000713800000, 0x0000000713800000| Untracked 
| 118|0x0000000713a00000, 0x0000000713c00000, 0x0000000713c00000|100%| E|  |TAMS 0x0000000713a00000, 0x0000000713a00000| Complete 
| 119|0x0000000713c00000, 0x0000000713e00000, 0x0000000713e00000|100%| E|CS|TAMS 0x0000000713c00000, 0x0000000713c00000| Complete 
| 120|0x0000000713e00000, 0x0000000714000000, 0x0000000714000000|100%| E|CS|TAMS 0x0000000713e00000, 0x0000000713e00000| Complete 
| 121|0x0000000714000000, 0x0000000714200000, 0x0000000714200000|100%| E|CS|TAMS 0x0000000714000000, 0x0000000714000000| Complete 
| 122|0x0000000714200000, 0x0000000714400000, 0x0000000714400000|100%| E|CS|TAMS 0x0000000714200000, 0x0000000714200000| Complete 
| 123|0x0000000714400000, 0x0000000714600000, 0x0000000714600000|100%| E|CS|TAMS 0x0000000714400000, 0x0000000714400000| Complete 
| 124|0x0000000714600000, 0x0000000714800000, 0x0000000714800000|100%| E|CS|TAMS 0x0000000714600000, 0x0000000714600000| Complete 
| 125|0x0000000714800000, 0x0000000714a00000, 0x0000000714a00000|100%| E|CS|TAMS 0x0000000714800000, 0x0000000714800000| Complete 

Card table byte_map: [0x0000020496a80000,0x0000020497260000] _byte_map_base: 0x0000020493259000

Marking Bits (Prev, Next): (CMBitMap*) 0x00000204fe6d3f60, (CMBitMap*) 0x00000204fe6d3fa0
 Prev Bits: [0x0000020497a40000, 0x000002049b908000)
 Next Bits: [0x000002049b910000, 0x000002049f7d8000)

Polling page: 0x00000204fc520000

Metaspace:

Usage:
  Non-class:     10.24 MB used.
      Class:      1.03 MB used.
       Both:     11.28 MB used.

Virtual space:
  Non-class space:       64.00 MB reserved,      10.38 MB ( 16%) committed,  1 nodes.
      Class space:        1.00 GB reserved,       1.19 MB ( <1%) committed,  1 nodes.
             Both:        1.06 GB reserved,      11.56 MB (  1%) committed. 

Chunk freelists:
   Non-Class:  4.69 MB
       Class:  14.75 MB
        Both:  19.44 MB

MaxMetaspaceSize: unlimited
CompressedClassSpaceSize: 1.00 GB
Initial GC threshold: 21.00 MB
Current GC threshold: 21.00 MB
CDS: on
MetaspaceReclaimPolicy: balanced
 - commit_granule_bytes: 65536.
 - commit_granule_words: 8192.
 - virtual_space_node_default_size: 8388608.
 - enlarge_chunks_in_place: 1.
 - new_chunks_are_fully_committed: 0.
 - uncommit_free_chunks: 1.
 - use_allocation_guard: 0.
 - handle_deallocations: 1.


Internal statistics:

num_allocs_failed_limit: 0.
num_arena_births: 220.
num_arena_deaths: 0.
num_vsnodes_births: 2.
num_vsnodes_deaths: 0.
num_space_committed: 185.
num_space_uncommitted: 0.
num_chunks_returned_to_freelist: 0.
num_chunks_taken_from_freelist: 501.
num_chunk_merges: 0.
num_chunk_splits: 342.
num_chunks_enlarged: 242.
num_inconsistent_stats: 0.

CodeHeap 'non-profiled nmethods': size=119168Kb used=907Kb max_used=907Kb free=118260Kb
 bounds [0x000002048f620000, 0x000002048f890000, 0x0000020496a80000]
CodeHeap 'profiled nmethods': size=119104Kb used=3533Kb max_used=3533Kb free=115570Kb
 bounds [0x0000020487a80000, 0x0000020487e00000, 0x000002048eed0000]
CodeHeap 'non-nmethods': size=7488Kb used=1726Kb max_used=3360Kb free=5761Kb
 bounds [0x000002048eed0000, 0x000002048f220000, 0x000002048f620000]
 total_blobs=3100 nmethods=1995 adapters=1018
 compilation: enabled
              stopped_count=0, restarted_count=0
 full_count=0

Compilation events (20 events):
Event: 429.063 Thread 0x00000204e872b200 nmethod 1987 0x0000020487df0d10 code [0x0000020487df0ea0, 0x0000020487df0fb8]
Event: 429.063 Thread 0x00000204e872b200 1989       3       java.lang.invoke.BoundMethodHandle::editor (8 bytes)
Event: 429.064 Thread 0x00000204e872b200 nmethod 1989 0x0000020487df1090 code [0x0000020487df1260, 0x0000020487df1608]
Event: 429.064 Thread 0x00000204e872b200 1990       3       java.lang.invoke.MethodHandles$Lookup::checkAccess (232 bytes)
Event: 429.065 Thread 0x00000204e872b200 nmethod 1990 0x0000020487df1790 code [0x0000020487df1a80, 0x0000020487df2a98]
Event: 429.068 Thread 0x00000204ffe8b600 nmethod 1982 0x000002048f6ff190 code [0x000002048f6ff380, 0x000002048f700c98]
Event: 429.068 Thread 0x00000204ffe8b600 1983       4       java.util.StringTokenizer::scanToken (179 bytes)
Event: 429.069 Thread 0x00000204e872c1f0 1992       3       org.lwjgl.system.Checks::checkBuffer (11 bytes)
Event: 429.069 Thread 0x00000204e872c1f0 nmethod 1992 0x0000020487df2f90 code [0x0000020487df3120, 0x0000020487df3288]
Event: 429.070 Thread 0x00000204ffe8b600 nmethod 1983 0x000002048f701490 code [0x000002048f701620, 0x000002048f701948]
Event: 429.070 Thread 0x00000204ffe8b600 1988       4       java.lang.String::lastIndexOf (12 bytes)
Event: 429.072 Thread 0x00000204ffe8b600 nmethod 1988 0x000002048f701c10 code [0x000002048f701da0, 0x000002048f701fd8]
Event: 429.072 Thread 0x00000204ffe8b600 1991       4       java.lang.StringUTF16::getChar (60 bytes)
Event: 429.073 Thread 0x00000204ffe8b600 nmethod 1991 0x000002048f702190 code [0x000002048f702300, 0x000002048f7023d8]
Event: 449.530 Thread 0x00000204ffe8b600 1994       4       java.nio.ByteBuffer::arrayOffset (35 bytes)
Event: 449.530 Thread 0x00000204ffe8b600 nmethod 1994 0x000002048f702890 code [0x000002048f702a00, 0x000002048f702ab8]
Event: 449.650 Thread 0x00000204ffe8bfc0 1995       3       java.lang.StringConcatHelper::prepend (22 bytes)
Event: 449.650 Thread 0x00000204ffe8bfc0 nmethod 1995 0x0000020487df3310 code [0x0000020487df34c0, 0x0000020487df3678]
Event: 482.574 Thread 0x00000204ffe8bfc0 1996       1       com.badlogic.gdx.scenes.scene2d.Event::setTarget (6 bytes)
Event: 482.574 Thread 0x00000204ffe8bfc0 nmethod 1996 0x000002048f702b90 code [0x000002048f702d20, 0x000002048f702e38]

GC Heap History (2 events):
Event: 2.046 GC heap before
{Heap before GC invocations=0 (full 0):
 garbage-first heap   total 258048K, used 22528K [0x0000000704e00000, 0x0000000800000000)
  region size 2048K, 11 young (22528K), 0 survivors (0K)
 Metaspace       used 7337K, committed 7616K, reserved 1114112K
  class space    used 643K, committed 768K, reserved 1048576K
}
Event: 2.049 GC heap after
{Heap after GC invocations=1 (full 0):
 garbage-first heap   total 258048K, used 2848K [0x0000000704e00000, 0x0000000800000000)
  region size 2048K, 2 young (4096K), 2 survivors (4096K)
 Metaspace       used 7337K, committed 7616K, reserved 1114112K
  class space    used 643K, committed 768K, reserved 1048576K
}

Dll operation events (11 events):
Event: 0.009 Loaded shared library C:\Users\Xpe\.jdks\corretto-17.0.13\bin\java.dll
Event: 0.010 Loaded shared library C:\Users\Xpe\.jdks\corretto-17.0.13\bin\zip.dll
Event: 0.027 Loaded shared library C:\Users\Xpe\.jdks\corretto-17.0.13\bin\jsvml.dll
Event: 0.101 Loaded shared library C:\Users\Xpe\.jdks\corretto-17.0.13\bin\instrument.dll
Event: 0.150 Loaded shared library C:\Users\Xpe\.jdks\corretto-17.0.13\bin\net.dll
Event: 0.151 Loaded shared library C:\Users\Xpe\.jdks\corretto-17.0.13\bin\nio.dll
Event: 0.160 Loaded shared library C:\Users\Xpe\.jdks\corretto-17.0.13\bin\zip.dll
Event: 0.261 Loaded shared library C:\Users\Xpe\.jdks\corretto-17.0.13\bin\jimage.dll
Event: 0.431 Loaded shared library C:\Users\Xpe\AppData\Local\Temp\libgdxXpe\a897cbfa\jWebGPU64.dll
Event: 0.435 Loaded shared library C:\Users\Xpe\AppData\Local\Temp\libgdxXpe\c3412faa\gdx64.dll
Event: 0.496 Loaded shared library C:\Users\Xpe\AppData\Local\Temp\lwjgl_Xpe\3.3.3+5\x64\lwjgl.dll

Deoptimization events (20 events):
Event: 428.939 Thread 0x00000204fe6653f0 Uncommon trap: trap_request=0xffffff45 fr.pc=0x000002048f6f4cec relative=0x000000000000006c
Event: 428.939 Thread 0x00000204fe6653f0 Uncommon trap: reason=unstable_if action=reinterpret pc=0x000002048f6f4cec method=com.badlogic.gdx.scenes.scene2d.ui.Table.setBackground(Lcom/badlogic/gdx/scenes/scene2d/utils/Drawable;)V @ 5 c2
Event: 428.939 Thread 0x00000204fe6653f0 DEOPT PACKING pc=0x000002048f6f4cec sp=0x000000e8e9bfe880
Event: 428.939 Thread 0x00000204fe6653f0 DEOPT UNPACKING pc=0x000002048ef269a3 sp=0x000000e8e9bfe7e8 mode 2
Event: 428.941 Thread 0x00000204fe6653f0 Uncommon trap: trap_request=0xffffff45 fr.pc=0x000002048f6f479c relative=0x00000000000000fc
Event: 428.941 Thread 0x00000204fe6653f0 Uncommon trap: reason=unstable_if action=reinterpret pc=0x000002048f6f479c method=com.badlogic.gdx.scenes.scene2d.utils.ClickListener.isVisualPressed()Z @ 4 c2
Event: 428.941 Thread 0x00000204fe6653f0 DEOPT PACKING pc=0x000002048f6f479c sp=0x000000e8e9bfe880
Event: 428.941 Thread 0x00000204fe6653f0 DEOPT UNPACKING pc=0x000002048ef269a3 sp=0x000000e8e9bfe768 mode 2
Event: 429.038 Thread 0x00000204fe6653f0 Uncommon trap: trap_request=0xffffff45 fr.pc=0x000002048f6be85c relative=0x000000000000005c
Event: 429.038 Thread 0x00000204fe6653f0 Uncommon trap: reason=unstable_if action=reinterpret pc=0x000002048f6be85c method=com.badlogic.gdx.utils.SnapshotArray.modified()V @ 4 c2
Event: 429.038 Thread 0x00000204fe6653f0 DEOPT PACKING pc=0x000002048f6be85c sp=0x000000e8e9bff210
Event: 429.038 Thread 0x00000204fe6653f0 DEOPT UNPACKING pc=0x000002048ef269a3 sp=0x000000e8e9bff1b0 mode 2
Event: 429.066 Thread 0x00000204fe6653f0 Uncommon trap: trap_request=0xffffff45 fr.pc=0x000002048f6957c8 relative=0x0000000000000048
Event: 429.066 Thread 0x00000204fe6653f0 Uncommon trap: reason=unstable_if action=reinterpret pc=0x000002048f6957c8 method=java.lang.CharacterData.of(I)Ljava/lang/CharacterData; @ 4 c2
Event: 429.066 Thread 0x00000204fe6653f0 DEOPT PACKING pc=0x000002048f6957c8 sp=0x000000e8e9bfd9e0
Event: 429.066 Thread 0x00000204fe6653f0 DEOPT UNPACKING pc=0x000002048ef269a3 sp=0x000000e8e9bfd980 mode 2
Event: 449.530 Thread 0x00000204fe6653f0 Uncommon trap: trap_request=0xffffff45 fr.pc=0x000002048f6bfe58 relative=0x00000000000000d8
Event: 449.530 Thread 0x00000204fe6653f0 Uncommon trap: reason=unstable_if action=reinterpret pc=0x000002048f6bfe58 method=com.badlogic.gdx.utils.SnapshotArray.end()V @ 30 c2
Event: 449.530 Thread 0x00000204fe6653f0 DEOPT PACKING pc=0x000002048f6bfe58 sp=0x000000e8e9bff260
Event: 449.530 Thread 0x00000204fe6653f0 DEOPT UNPACKING pc=0x000002048ef269a3 sp=0x000000e8e9bff208 mode 2

Classes loaded (20 events):
Event: 429.064 Loading class java/util/stream/Sink$OfInt
Event: 429.064 Loading class java/util/stream/Sink$OfInt done
Event: 429.064 Loading class java/util/stream/FindOps$FindSink$OfInt
Event: 429.064 Loading class java/util/stream/FindOps$FindSink$OfInt done
Event: 429.065 Loading class java/util/stream/Sink$ChainedInt
Event: 429.065 Loading class java/util/stream/Sink$ChainedInt done
Event: 429.065 Loading class java/util/stream/IntPipeline$10$1
Event: 429.065 Loading class java/util/stream/IntPipeline$10$1 done
Event: 449.528 Loading class jdk/internal/util/xml/impl/XMLStreamWriterImpl
Event: 449.529 Loading class jdk/internal/util/xml/XMLStreamWriter
Event: 449.529 Loading class jdk/internal/util/xml/XMLStreamWriter done
Event: 449.529 Loading class jdk/internal/util/xml/impl/XMLStreamWriterImpl done
Event: 449.529 Loading class jdk/internal/util/xml/impl/XMLWriter
Event: 449.529 Loading class jdk/internal/util/xml/impl/XMLWriter done
Event: 449.529 Loading class jdk/internal/util/xml/impl/XMLStreamWriterImpl$Element
Event: 449.529 Loading class jdk/internal/util/xml/impl/XMLStreamWriterImpl$Element done
Event: 449.530 Loading class java/io/FileOutputStream$1
Event: 449.530 Loading class java/io/FileOutputStream$1 done
Event: 482.573 Loading class com/badlogic/gdx/utils/DefaultPool$PoolSupplier
Event: 482.573 Loading class com/badlogic/gdx/utils/DefaultPool$PoolSupplier done

Classes unloaded (0 events):
No events

Classes redefined (1 events):
Event: 0.118 Thread 0x00000204ffe61900 redefined class name=java.lang.Throwable, count=1

Internal exceptions (20 events):
Event: 0.466 Thread 0x00000204fe6653f0 Exception <a 'java/lang/NoSuchMethodError'{0x0000000713ca3228}: 'java.lang.Object java.lang.invoke.DirectMethodHandle$Holder.invokeStatic(java.lang.Object, java.lang.Object, int)'> (0x0000000713ca3228) 
thrown [s\src\hotspot\share\interpreter\linkResolver.cpp, line 759]
Event: 0.467 Thread 0x00000204fe6653f0 Exception <a 'java/lang/NoSuchMethodError'{0x0000000713caef38}: 'void java.lang.invoke.DelegatingMethodHandle$Holder.delegate(java.lang.Object, java.lang.Object, int, java.lang.Object)'> (0x0000000713caef38) 
thrown [s\src\hotspot\share\interpreter\linkResolver.cpp, line 759]
Event: 0.467 Thread 0x00000204fe6653f0 Exception <a 'java/lang/NoSuchMethodError'{0x0000000713cb2e28}: 'int java.lang.invoke.DirectMethodHandle$Holder.invokeSpecial(java.lang.Object, java.lang.Object, java.lang.Object)'> (0x0000000713cb2e28) 
thrown [s\src\hotspot\share\interpreter\linkResolver.cpp, line 759]
Event: 0.495 Thread 0x00000204fe6653f0 Exception <a 'sun/nio/fs/WindowsException'{0x0000000713d68608}> (0x0000000713d68608) 
thrown [s\src\hotspot\share\prims\jni.cpp, line 516]
Event: 0.495 Thread 0x00000204fe6653f0 Exception <a 'sun/nio/fs/WindowsException'{0x0000000713d69c30}> (0x0000000713d69c30) 
thrown [s\src\hotspot\share\prims\jni.cpp, line 516]
Event: 0.543 Thread 0x00000204fe6653f0 Exception <a 'java/lang/NoSuchMethodError'{0x0000000713b080f0}: 'int java.lang.invoke.DirectMethodHandle$Holder.invokeStaticInit(java.lang.Object, java.lang.Object, int, long)'> (0x0000000713b080f0) 
thrown [s\src\hotspot\share\interpreter\linkResolver.cpp, line 759]
Event: 0.543 Thread 0x00000204fe6653f0 Exception <a 'java/lang/NoSuchMethodError'{0x0000000713b0d9d8}: 'java.lang.Object java.lang.invoke.DirectMethodHandle$Holder.newInvokeSpecial(java.lang.Object, java.lang.Object, int)'> (0x0000000713b0d9d8) 
thrown [s\src\hotspot\share\interpreter\linkResolver.cpp, line 759]
Event: 0.546 Thread 0x00000204fe6653f0 Exception <a 'java/lang/NoSuchMethodError'{0x0000000713b24cf8}: 'int java.lang.invoke.DirectMethodHandle$Holder.invokeStaticInit(java.lang.Object, java.lang.Object, long, long)'> (0x0000000713b24cf8) 
thrown [s\src\hotspot\share\interpreter\linkResolver.cpp, line 759]
Event: 0.546 Thread 0x00000204fe6653f0 Exception <a 'java/lang/NoSuchMethodError'{0x0000000713b2aaa0}: 'java.lang.Object java.lang.invoke.DirectMethodHandle$Holder.newInvokeSpecial(java.lang.Object, java.lang.Object, long)'> (0x0000000713b2aaa0) 
thrown [s\src\hotspot\share\interpreter\linkResolver.cpp, line 759]
Event: 0.546 Thread 0x00000204fe6653f0 Exception <a 'java/lang/NoSuchMethodError'{0x0000000713b2e388}: 'java.lang.Object java.lang.invoke.Invokers$Holder.linkToTargetMethod(java.lang.Object, long, java.lang.Object)'> (0x0000000713b2e388) 
thrown [s\src\hotspot\share\interpreter\linkResolver.cpp, line 759]
Event: 0.547 Thread 0x00000204fe6653f0 Exception <a 'java/lang/NoSuchMethodError'{0x0000000713b359a8}: 'int java.lang.invoke.DirectMethodHandle$Holder.invokeStaticInit(java.lang.Object, java.lang.Object, java.lang.Object, long)'> (0x0000000713b359a8) 
thrown [s\src\hotspot\share\interpreter\linkResolver.cpp, line 759]
Event: 0.565 Thread 0x00000204fe6653f0 Exception <a 'sun/nio/fs/WindowsException'{0x0000000713bfdcc0}> (0x0000000713bfdcc0) 
thrown [s\src\hotspot\share\prims\jni.cpp, line 516]
Event: 0.565 Thread 0x00000204fe6653f0 Exception <a 'sun/nio/fs/WindowsException'{0x0000000713bfe060}> (0x0000000713bfe060) 
thrown [s\src\hotspot\share\prims\jni.cpp, line 516]
Event: 0.588 Thread 0x00000204fe6653f0 Exception <a 'sun/nio/fs/WindowsException'{0x00000007138e60e8}> (0x00000007138e60e8) 
thrown [s\src\hotspot\share\prims\jni.cpp, line 516]
Event: 0.588 Thread 0x00000204fe6653f0 Exception <a 'sun/nio/fs/WindowsException'{0x00000007138e6458}> (0x00000007138e6458) 
thrown [s\src\hotspot\share\prims\jni.cpp, line 516]
Event: 0.628 Thread 0x00000204fe6653f0 Exception <a 'sun/nio/fs/WindowsException'{0x00000007139c3650}> (0x00000007139c3650) 
thrown [s\src\hotspot\share\prims\jni.cpp, line 516]
Event: 0.628 Thread 0x00000204fe6653f0 Exception <a 'sun/nio/fs/WindowsException'{0x00000007139c39d0}> (0x00000007139c39d0) 
thrown [s\src\hotspot\share\prims\jni.cpp, line 516]
Event: 1.298 Thread 0x00000204fe6653f0 Exception <a 'java/lang/NoSuchMethodError'{0x000000071361cf10}: 'java.lang.Object java.lang.invoke.DirectMethodHandle$Holder.newInvokeSpecial(java.lang.Object, long)'> (0x000000071361cf10) 
thrown [s\src\hotspot\share\interpreter\linkResolver.cpp, line 759]
Event: 2.050 Thread 0x00000204fe6653f0 Exception <a 'java/lang/NoSuchMethodError'{0x00000007148098c0}: 'java.lang.Object java.lang.invoke.DirectMethodHandle$Holder.invokeSpecial(java.lang.Object, java.lang.Object, java.lang.Object, long, int)'> (0x00000007148098c0) 
thrown [s\src\hotspot\share\interpreter\linkResolver.cpp, line 759]
Event: 2.260 Thread 0x00000204fe6653f0 Implicit null exception at 0x000002048f6938d3 to 0x000002048f694798

VM Operations (20 events):
Event: 482.594 Executing VM operation: get/set locals
Event: 482.594 Executing VM operation: get/set locals done
Event: 482.594 Executing VM operation: get/set locals
Event: 482.594 Executing VM operation: get/set locals done
Event: 482.594 Executing VM operation: get/set locals
Event: 482.594 Executing VM operation: get/set locals done
Event: 482.594 Executing VM operation: get/set locals
Event: 482.594 Executing VM operation: get/set locals done
Event: 482.594 Executing VM operation: get/set locals
Event: 482.594 Executing VM operation: get/set locals done
Event: 482.594 Executing VM operation: get/set locals
Event: 482.594 Executing VM operation: get/set locals done
Event: 482.594 Executing VM operation: get/set locals
Event: 482.595 Executing VM operation: get/set locals done
Event: 482.595 Executing VM operation: get/set locals
Event: 482.595 Executing VM operation: get/set locals done
Event: 482.595 Executing VM operation: get/set locals
Event: 482.595 Executing VM operation: get/set locals done
Event: 482.595 Executing VM operation: get/set locals
Event: 482.595 Executing VM operation: get/set locals done

Memory protections (0 events):
No events

Nmethod flushes (0 events):
No events

Events (20 events):
Event: 0.440 Thread 0x00000204e884d420 Thread exited: 0x00000204e884d420
Event: 0.627 Thread 0x00000204a2644020 Thread added: 0x00000204e88b9320
Event: 1.297 Thread 0x00000204a26c9590 Thread exited: 0x00000204a26c9590
Event: 1.297 Thread 0x00000204e88b9320 Thread exited: 0x00000204e88b9320
Event: 1.307 Thread 0x00000204fe6653f0 Thread added: 0x00000204a26c9590
Event: 2.204 Thread 0x00000204ffe8bfc0 Thread added: 0x00000204ed7438d0
Event: 7.318 Thread 0x00000204ed7438d0 Thread exited: 0x00000204ed7438d0
Event: 7.320 Thread 0x00000204a2644540 Thread exited: 0x00000204a2644540
Event: 12.321 Thread 0x00000204a2644020 Thread exited: 0x00000204a2644020
Event: 427.250 Thread 0x00000204ffe8b600 Thread added: 0x00000204e872d730
Event: 427.366 Thread 0x00000204ffe8bfc0 Thread added: 0x00000204e872c1f0
Event: 427.366 Thread 0x00000204ffe8bfc0 Thread added: 0x00000204e872b200
Event: 427.441 Thread 0x00000204e872d730 Thread exited: 0x00000204e872d730
Event: 427.758 Thread 0x00000204ffe8bfc0 Thread added: 0x00000204e872e1d0
Event: 428.140 Thread 0x00000204e872e1d0 Thread exited: 0x00000204e872e1d0
Event: 428.449 Thread 0x00000204ffe8b600 Thread added: 0x00000204e872dc80
Event: 428.639 Thread 0x00000204e872dc80 Thread exited: 0x00000204e872dc80
Event: 428.938 Thread 0x00000204fe6653f0 Thread added: 0x00000204fa2c5690
Event: 434.070 Thread 0x00000204e872b200 Thread exited: 0x00000204e872b200
Event: 434.070 Thread 0x00000204e872c1f0 Thread exited: 0x00000204e872c1f0


Dynamic libraries:
0x00007ff7c2e00000 - 0x00007ff7c2e0e000 	C:\Users\Xpe\.jdks\corretto-17.0.13\bin\java.exe
0x00007ff92ce60000 - 0x00007ff92d0c5000 	C:\WINDOWS\SYSTEM32\ntdll.dll
0x00007ff8fbf30000 - 0x00007ff8fbf50000 	C:\Program Files\Norton\Suite\aswhook.dll
0x00007ff92ac00000 - 0x00007ff92acc9000 	C:\WINDOWS\System32\KERNEL32.DLL
0x00007ff92a6d0000 - 0x00007ff92aab8000 	C:\WINDOWS\System32\KERNELBASE.dll
0x00007ff92a2b0000 - 0x00007ff92a3fb000 	C:\WINDOWS\System32\ucrtbase.dll
0x00007ff921ab0000 - 0x00007ff921acb000 	C:\Users\Xpe\.jdks\corretto-17.0.13\bin\VCRUNTIME140.dll
0x00007ff8d6100000 - 0x00007ff8d6117000 	C:\Users\Xpe\.jdks\corretto-17.0.13\bin\jli.dll
0x00007ff9003e0000 - 0x00007ff90067a000 	C:\WINDOWS\WinSxS\amd64_microsoft.windows.common-controls_6595b64144ccf1df_6.0.26100.4202_none_3e0698d4e335f517\COMCTL32.dll
0x00007ff92bed0000 - 0x00007ff92c09a000 	C:\WINDOWS\System32\USER32.dll
0x00007ff92af20000 - 0x00007ff92afc9000 	C:\WINDOWS\System32\msvcrt.dll
0x00007ff92a490000 - 0x00007ff92a4b7000 	C:\WINDOWS\System32\win32u.dll
0x00007ff92b530000 - 0x00007ff92b55b000 	C:\WINDOWS\System32\GDI32.dll
0x00007ff92aac0000 - 0x00007ff92abf7000 	C:\WINDOWS\System32\gdi32full.dll
0x00007ff92a560000 - 0x00007ff92a603000 	C:\WINDOWS\System32\msvcp_win.dll
0x00007ff92b340000 - 0x00007ff92b370000 	C:\WINDOWS\System32\IMM32.DLL
0x00007ff9219c0000 - 0x00007ff9219cc000 	C:\Users\Xpe\.jdks\corretto-17.0.13\bin\vcruntime140_1.dll
0x00007ff883560000 - 0x00007ff8835ed000 	C:\Users\Xpe\.jdks\corretto-17.0.13\bin\msvcp140.dll
0x00007ff86d8d0000 - 0x00007ff86e53c000 	C:\Users\Xpe\.jdks\corretto-17.0.13\bin\server\jvm.dll
0x00007ff92be10000 - 0x00007ff92bec3000 	C:\WINDOWS\System32\ADVAPI32.dll
0x00007ff92b180000 - 0x00007ff92b226000 	C:\WINDOWS\System32\sechost.dll
0x00007ff92cc80000 - 0x00007ff92cd95000 	C:\WINDOWS\System32\RPCRT4.dll
0x00007ff92bc40000 - 0x00007ff92bcb4000 	C:\WINDOWS\System32\WS2_32.dll
0x00007ff928bd0000 - 0x00007ff928c2e000 	C:\WINDOWS\SYSTEM32\POWRPROF.dll
0x00007ff921840000 - 0x00007ff92184b000 	C:\WINDOWS\SYSTEM32\VERSION.dll
0x00007ff9266d0000 - 0x00007ff926705000 	C:\WINDOWS\SYSTEM32\WINMM.dll
0x00007ff928bb0000 - 0x00007ff928bc4000 	C:\WINDOWS\SYSTEM32\UMPDC.dll
0x00007ff928e90000 - 0x00007ff928eab000 	C:\WINDOWS\SYSTEM32\kernel.appcore.dll
0x00007ff917b60000 - 0x00007ff917b6a000 	C:\Users\Xpe\.jdks\corretto-17.0.13\bin\jimage.dll
0x00007ff9275a0000 - 0x00007ff9277e1000 	C:\WINDOWS\SYSTEM32\DBGHELP.DLL
0x00007ff92c8f0000 - 0x00007ff92cc75000 	C:\WINDOWS\System32\combase.dll
0x00007ff92afd0000 - 0x00007ff92b0b1000 	C:\WINDOWS\System32\OLEAUT32.dll
0x00007ff915620000 - 0x00007ff915659000 	C:\WINDOWS\SYSTEM32\dbgcore.DLL
0x00007ff92a4c0000 - 0x00007ff92a559000 	C:\WINDOWS\System32\bcryptPrimitives.dll
0x00007ff8e88f0000 - 0x00007ff8e892b000 	C:\Users\Xpe\.jdks\corretto-17.0.13\bin\jdwp.dll
0x00007ff90c5e0000 - 0x00007ff90c5ee000 	C:\Users\Xpe\.jdks\corretto-17.0.13\bin\instrument.dll
0x00007ff8d60d0000 - 0x00007ff8d60f5000 	C:\Users\Xpe\.jdks\corretto-17.0.13\bin\java.dll
0x00007ff8c6850000 - 0x00007ff8c6868000 	C:\Users\Xpe\.jdks\corretto-17.0.13\bin\zip.dll
0x00007ff883480000 - 0x00007ff883557000 	C:\Users\Xpe\.jdks\corretto-17.0.13\bin\jsvml.dll
0x00007ff92c0a0000 - 0x00007ff92c7e2000 	C:\WINDOWS\System32\SHELL32.dll
0x00007ff929fb0000 - 0x00007ff92a124000 	C:\WINDOWS\System32\wintypes.dll
0x00007ff927c10000 - 0x00007ff928468000 	C:\WINDOWS\SYSTEM32\windows.storage.dll
0x00007ff92bd10000 - 0x00007ff92be01000 	C:\WINDOWS\System32\SHCORE.dll
0x00007ff92aeb0000 - 0x00007ff92af1a000 	C:\WINDOWS\System32\shlwapi.dll
0x00007ff929ec0000 - 0x00007ff929eef000 	C:\WINDOWS\SYSTEM32\profapi.dll
0x00007ff922390000 - 0x00007ff92239c000 	C:\Users\Xpe\.jdks\corretto-17.0.13\bin\dt_socket.dll
0x00007ff9288c0000 - 0x00007ff9288f3000 	C:\WINDOWS\SYSTEM32\IPHLPAPI.DLL
0x00007ff929400000 - 0x00007ff92946a000 	C:\WINDOWS\system32\mswsock.dll
0x00007ff8c6830000 - 0x00007ff8c6849000 	C:\Users\Xpe\.jdks\corretto-17.0.13\bin\net.dll
0x00007ff922d10000 - 0x00007ff922e2e000 	C:\WINDOWS\SYSTEM32\WINHTTP.dll
0x00007ff8b3c60000 - 0x00007ff8b3c76000 	C:\Users\Xpe\.jdks\corretto-17.0.13\bin\nio.dll
0x00007ff826c00000 - 0x00007ff82869f000 	C:\Users\Xpe\AppData\Local\Temp\libgdxXpe\a897cbfa\jWebGPU64.dll
0x00007ff92b380000 - 0x00007ff92b51e000 	C:\WINDOWS\System32\ole32.dll
0x00007ff9294a0000 - 0x00007ff9294cb000 	C:\WINDOWS\SYSTEM32\USERENV.dll
0x00007ff924a50000 - 0x00007ff924ecf000 	C:\WINDOWS\SYSTEM32\D3DCOMPILER_47.dll
0x00007ff8a6aa0000 - 0x00007ff8a6bb4000 	C:\WINDOWS\SYSTEM32\OPENGL32.dll
0x00007ff924280000 - 0x00007ff92438d000 	C:\WINDOWS\SYSTEM32\PROPSYS.dll
0x00007ff9296c0000 - 0x00007ff9296db000 	C:\WINDOWS\SYSTEM32\cryptsp.dll
0x00007ff8aa840000 - 0x00007ff8aa86d000 	C:\WINDOWS\SYSTEM32\GLU32.dll
0x00007ff926e00000 - 0x00007ff926e4d000 	C:\WINDOWS\SYSTEM32\dxcore.dll
0x00007ff920ae0000 - 0x00007ff920b07000 	C:\Users\Xpe\AppData\Local\Temp\libgdxXpe\c3412faa\gdx64.dll
0x00007ff8b7340000 - 0x00007ff8b73bb000 	C:\Users\Xpe\AppData\Local\Temp\lwjgl_Xpe\3.3.3+5\x64\lwjgl.dll
0x00007ff885580000 - 0x00007ff8857f0000 	C:\Users\Xpe\AppData\Local\Temp\lwjgl_Xpe\3.3.3+5\x64\jemalloc.dll
0x00007ff8b0ea0000 - 0x00007ff8b0f22000 	C:\Users\Xpe\AppData\Local\Temp\lwjgl_Xpe\3.3.3+5\x64\glfw.dll
0x00007ff8b0e50000 - 0x00007ff8b0e9b000 	C:\WINDOWS\SYSTEM32\dinput8.dll
0x00007ff8e20f0000 - 0x00007ff8e2102000 	C:\WINDOWS\SYSTEM32\xinput1_4.dll
0x00007ff929c40000 - 0x00007ff929c97000 	C:\WINDOWS\SYSTEM32\cfgmgr32.dll
0x00007ff929c10000 - 0x00007ff929c3d000 	C:\WINDOWS\SYSTEM32\DEVOBJ.dll
0x00007ff927030000 - 0x00007ff927066000 	C:\WINDOWS\SYSTEM32\dwmapi.dll
0x00007ff90cb30000 - 0x00007ff90cd11000 	C:\WINDOWS\SYSTEM32\inputhost.dll
0x00007ff926310000 - 0x00007ff926435000 	C:\WINDOWS\SYSTEM32\CoreMessaging.dll
0x00007ff926cb0000 - 0x00007ff926d5f000 	C:\WINDOWS\system32\uxtheme.dll
0x00007ff92b610000 - 0x00007ff92b770000 	C:\WINDOWS\System32\MSCTF.dll
0x00007ff9296b0000 - 0x00007ff9296bc000 	C:\WINDOWS\SYSTEM32\CRYPTBASE.DLL
0x00007ff8a9280000 - 0x00007ff8a9447000 	C:\Users\Xpe\AppData\Local\Temp\lwjgl_Xpe\3.3.3+5\x64\OpenAL.dll
0x00007ff92b560000 - 0x00007ff92b608000 	C:\WINDOWS\System32\clbcatq.dll
0x00007ff921e50000 - 0x00007ff921ef0000 	C:\WINDOWS\System32\MMDevApi.dll
0x00007ff8f2fc0000 - 0x00007ff8f317e000 	C:\WINDOWS\SYSTEM32\AUDIOSES.DLL
0x00007ff927ab0000 - 0x00007ff927ac4000 	C:\WINDOWS\SYSTEM32\resourcepolicyclient.dll
0x00007ff8853f0000 - 0x00007ff885575000 	C:\WINDOWS\SYSTEM32\vulkan-1.dll
0x00007ff926ec0000 - 0x00007ff926ff5000 	C:\WINDOWS\system32\dxgi.dll
0x00007ff926e50000 - 0x00007ff926eb1000 	C:\WINDOWS\SYSTEM32\directxdatabasehelper.dll
0x00007ff911050000 - 0x00007ff91106a000 	C:\WINDOWS\SYSTEM32\windows.staterepositorycore.dll
0x00007ff864dc0000 - 0x00007ff8673f8000 	C:\WINDOWS\System32\DriverStore\FileRepository\nvdmegpu.inf_amd64_e278a64e9a2dc3d7\nvoglv64.dll
0x00007ff92b780000 - 0x00007ff92bc06000 	C:\WINDOWS\System32\SETUPAPI.dll
0x00007ff926a80000 - 0x00007ff926a96000 	C:\WINDOWS\SYSTEM32\WTSAPI32.dll
0x00007ff929720000 - 0x00007ff929733000 	C:\WINDOWS\SYSTEM32\msasn1.dll
0x00007ff916cf0000 - 0x00007ff916d2b000 	C:\WINDOWS\SYSTEM32\cryptnet.dll
0x00007ff92a130000 - 0x00007ff92a2a7000 	C:\WINDOWS\System32\CRYPT32.dll
0x00007ff929790000 - 0x00007ff9297f3000 	C:\WINDOWS\SYSTEM32\wldp.dll
0x00007ff9169d0000 - 0x00007ff916b4c000 	C:\WINDOWS\SYSTEM32\drvstore.dll
0x00007ff92a400000 - 0x00007ff92a484000 	C:\WINDOWS\System32\WINTRUST.dll
0x00007ff928fb0000 - 0x00007ff928fe6000 	C:\WINDOWS\SYSTEM32\ntmarta.dll
0x00007ff92b0c0000 - 0x00007ff92b0e0000 	C:\WINDOWS\System32\imagehlp.dll
0x00007ff928df0000 - 0x00007ff928e2a000 	C:\WINDOWS\system32\rsaenh.dll
0x00007ff929e90000 - 0x00007ff929eb6000 	C:\WINDOWS\SYSTEM32\bcrypt.dll
0x00007ff8dbc20000 - 0x00007ff8de930000 	C:\WINDOWS\System32\DriverStore\FileRepository\nvdmegpu.inf_amd64_e278a64e9a2dc3d7\nvgpucomp64.dll
0x00007ff815490000 - 0x00007ff816b98000 	C:\WINDOWS\System32\DriverStore\FileRepository\iigd_dch.inf_amd64_9ce3970be3d5af82\igvk64.dll
0x00007ff91f5d0000 - 0x00007ff91fb61000 	C:\WINDOWS\System32\DriverStore\FileRepository\iigd_dch.inf_amd64_9ce3970be3d5af82\igdgmm64.dll
0x00007ff917d90000 - 0x00007ff91cd49000 	C:\WINDOWS\System32\DriverStore\FileRepository\iigd_dch.inf_amd64_9ce3970be3d5af82\igc64.dll
0x00007ff9215c0000 - 0x00007ff9215f9000 	C:\WINDOWS\SYSTEM32\rometadata.dll
0x00007ff8a9710000 - 0x00007ff8a975c000 	C:\ProgramData\obs-studio-hook\graphics-hook64.dll
0x00007ff8e20e0000 - 0x00007ff8e20ee000 	C:\Program Files (x86)\RivaTuner Statistics Server\Vulkan\RTSSVkLayer64.dll
0x000000006bbd0000 - 0x000000006bc73000 	C:\WINDOWS\WinSxS\amd64_microsoft.vc90.crt_1fc8b3b9a1e18e3b_9.0.30729.9635_none_08e2c157a83ed5da\MSVCR90.dll
0x000000006bc80000 - 0x000000006bd53000 	C:\WINDOWS\WinSxS\amd64_microsoft.vc90.crt_1fc8b3b9a1e18e3b_9.0.30729.9635_none_08e2c157a83ed5da\MSVCP90.dll
0x00007ff872440000 - 0x00007ff87248d000 	C:\WINDOWS\SYSTEM32\ControlLib.dll
0x00007ff881870000 - 0x00007ff881919000 	C:\WINDOWS\System32\DriverStore\FileRepository\iigd_dch.inf_amd64_9ce3970be3d5af82\IntelControlLib.dll
0x00007ff823590000 - 0x00007ff8236e9000 	C:\WINDOWS\System32\DriverStore\FileRepository\iigd_dch.inf_amd64_9ce3970be3d5af82\igvkMedia64.dll
0x00007ff8835f0000 - 0x00007ff884b43000 	C:\WINDOWS\System32\DriverStore\FileRepository\iigd_dch.inf_amd64_9ce3970be3d5af82\igddxvacommon64.dll
0x00007ff8744e0000 - 0x00007ff876552000 	C:\WINDOWS\System32\DriverStore\FileRepository\iigd_dch.inf_amd64_9ce3970be3d5af82\media_bin_64.dll
0x00007ff8a6a30000 - 0x00007ff8a6a53000 	C:\WINDOWS\SYSTEM32\d3d12.dll
0x00007ff89b500000 - 0x00007ff89b773000 	C:\WINDOWS\SYSTEM32\D3D12Core.dll
0x00007ff8a96e0000 - 0x00007ff8a9705000 	C:\WINDOWS\system32\DXGIDebug.dll
0x00007ff9287a0000 - 0x00007ff928807000 	C:\WINDOWS\SYSTEM32\WINSTA.dll
0x00007ff823050000 - 0x00007ff823581000 	C:\WINDOWS\SYSTEM32\D3D12SDKLayers.dll
0x00007ff8cb4a0000 - 0x00007ff8cb5f5000 	C:\WINDOWS\System32\DriverStore\FileRepository\nvdmegpu.inf_amd64_e278a64e9a2dc3d7\nvppex.dll
0x00007ff917ce0000 - 0x00007ff917d0e000 	C:\WINDOWS\SYSTEM32\D3DSCache.dll
0x00007ff916680000 - 0x00007ff9168ba000 	C:\WINDOWS\SYSTEM32\twinapi.appcore.dll
0x00007ff89da00000 - 0x00007ff89daa8000 	C:\WINDOWS\System32\DriverStore\FileRepository\nvdmegpu.inf_amd64_e278a64e9a2dc3d7\NvCamera\NvCameraAllowlisting64.dll
0x00007ff915760000 - 0x00007ff9157f6000 	C:\Windows\System32\DispBroker.dll
0x00007ff911930000 - 0x00007ff912029000 	C:\WINDOWS\SYSTEM32\nvapi64.dll
0x00007ff8f44f0000 - 0x00007ff8f4640000 	C:\WINDOWS\SYSTEM32\textinputframework.dll
0x00007ff922990000 - 0x00007ff922c73000 	C:\WINDOWS\SYSTEM32\CoreUIComponents.dll
0x00007ff8e01b0000 - 0x00007ff8e0274000 	C:\WINDOWS\System32\DriverStore\FileRepository\nvdmegpu.inf_amd64_e278a64e9a2dc3d7\nvldumdx.dll
0x00007ff8d7290000 - 0x00007ff8db70d000 	C:\WINDOWS\System32\DriverStore\FileRepository\nvdmegpu.inf_amd64_e278a64e9a2dc3d7\nvwgf2umx.dll
0x00007ff925c60000 - 0x00007ff925e89000 	C:\WINDOWS\SYSTEM32\dcomp.dll
0x00007ff924ee0000 - 0x00007ff924ef9000 	C:\WINDOWS\SYSTEM32\Microsoft.Internal.WarpPal.dll

dbghelp: loaded successfully - version: 4.0.5 - missing functions: none
symbol engine: initialized successfully - sym options: 0x614 - pdb path: .;C:\Users\Xpe\.jdks\corretto-17.0.13\bin;C:\WINDOWS\SYSTEM32;C:\Program Files\Norton\Suite;C:\WINDOWS\WinSxS\amd64_microsoft.windows.common-controls_6595b64144ccf1df_6.0.26100.4202_none_3e0698d4e335f517;C:\Users\Xpe\.jdks\corretto-17.0.13\bin\server;C:\Users\Xpe\AppData\Local\Temp\libgdxXpe\a897cbfa;C:\Users\Xpe\AppData\Local\Temp\libgdxXpe\c3412faa;C:\Users\Xpe\AppData\Local\Temp\lwjgl_Xpe\3.3.3+5\x64;C:\WINDOWS\System32\DriverStore\FileRepository\nvdmegpu.inf_amd64_e278a64e9a2dc3d7;C:\WINDOWS\System32\DriverStore\FileRepository\iigd_dch.inf_amd64_9ce3970be3d5af82;C:\ProgramData\obs-studio-hook;C:\Program Files (x86)\RivaTuner Statistics Server\Vulkan;C:\WINDOWS\WinSxS\amd64_microsoft.vc90.crt_1fc8b3b9a1e18e3b_9.0.30729.9635_none_08e2c157a83ed5da;C:\WINDOWS\System32\DriverStore\FileRepository\nvdmegpu.inf_amd64_e278a64e9a2dc3d7\NvCamera

VM Arguments:
jvm_args: -Ddebugger.agent.enable.coroutines=true -Dkotlinx.coroutines.debug.enable.creation.stack.trace=false -Dkotlinx.coroutines.debug.enable.flows.stack.trace=true -Dkotlinx.coroutines.debug.enable.mutable.state.flows.stack.trace=true -agentlib:jdwp=transport=dt_socket,server=n,suspend=y,address=127.0.0.1:59832 -javaagent:E:\Program-Files\IntelliJ\plugins\java\lib\rt\debugger-agent.jar=file:///C:/Users/Xpe/AppData/Local/Temp/capture13133312844171359292.props -Dfile.encoding=UTF-8 -Duser.country=BR -Duser.language=pt -Duser.variant 
java_command: com.monstrous.gdx.tests.webgpu.WebGPUTestStarter
java_class_path (initial): E:\Dev\Projects\java\gdx-webgpu\tests\gdx-tests-desktop2\build\classes\java\main;E:\Dev\Projects\java\gdx-webgpu\tests\gdx-tests-desktop2\build\resources\main;E:\Dev\Projects\java\gdx-webgpu\backends\gdx-desktop-webgpu\build\libs\gdx-desktop-webgpu-1.0.0.jar;E:\Dev\Projects\java\gdx-webgpu\gdx-webgpu2\build\libs\gdx-webgpu2-1.0.0.jar;E:\Dev\Projects\java\gdx-webgpu\tests\gdx-tests-webgpu\build\libs\gdx-tests-webgpu-1.0.0.jar;E:\Dev\repoCache\gradle\caches\modules-2\files-2.1\com.badlogicgames.gdx\gdx-backend-lwjgl3\1.13.5\fc66a875f7f9f0dd6ceef964b20fff16a5433ea0\gdx-backend-lwjgl3-1.13.5.jar;E:\Dev\Projects\java\gdx-webgpu\gdx-webgpu\build\libs\gdx-webgpu-1.0.0.jar;E:\Dev\repoCache\gradle\caches\modules-2\files-2.1\com.badlogicgames.gdx\gdx\1.13.5\c03e724c8a7d744da189a9705378accfdac69630\gdx-1.13.5.jar;E:\Dev\Projects\java\jWebGPU\webgpu\webgpu-core\build\libs\webgpu-core-0.0.1.jar;E:\Dev\Projects\java\jWebGPU\webgpu\webgpu-desktop\build\libs\webgpu-desktop-0.0.1.jar;E:\Dev\repoCache\gradle\caches\modules-2\files-2.1\org.jetbrains\annotations\24.0.0\69b8b443c437fdeefa8d20c18d257b94836a92b9\annotations-24.0.0.jar;E:\Dev\repoCache\gradle\caches\modules-2\files-2.1\com.badlogicgames.gdx\gdx-platform\1.13.5\a09fc96e741a753b95fbab38d65a9f640d16daf0\gdx-platform-1.13.5-natives-desktop.jar;E:\Dev\repoCache\gradle\caches\modules-2\files-2.1\org.lwjgl\lwjgl-glfw\3.3.3\efa1eb78c5ccd840e9f329717109b5e892d72f8e\lwjgl-glfw-3.3.3.jar;E:\Dev\repoCache\gradle\caches\modules-2\files-2.1\org.lwjgl\lwjgl-glfw\3.3.3\a03684c5e4b1b1dbbe0d29dbbdc27b985b6840f2\lwjgl-glfw-3.3.3-natives-linux.jar;E:\Dev\repoCache\gradle\caches\modules-2\files-2.1\org.lwjgl\lwjgl-glfw\3.3.3\d9af485c32545b37dd5359b163161d42d7534dcf\lwjgl-glfw-3.3.3-natives-linux-arm32.jar;E:\Dev\repoCache\gradle\caches\modules-2\files-2.1\org.lwjgl\lwjgl-glfw\3.3.3\492a0f11f85b85899a6568f07511160c1b87cd38\lwjgl-glfw-3.3.3-natives-linux-arm64.jar;E:\Dev\repoCache\gradle\caches\modules-2\files-2.1\or
Launcher Type: SUN_STANDARD

[Global flags]
     intx CICompilerCount                          = 12                                        {product} {ergonomic}
     uint ConcGCThreads                            = 4                                         {product} {ergonomic}
     uint G1ConcRefinementThreads                  = 15                                        {product} {ergonomic}
   size_t G1HeapRegionSize                         = 2097152                                   {product} {ergonomic}
    uintx GCDrainStackTargetSize                   = 64                                        {product} {ergonomic}
   size_t InitialHeapSize                          = 264241152                                 {product} {ergonomic}
   size_t MarkStackSize                            = 4194304                                   {product} {ergonomic}
   size_t MaxHeapSize                              = 4213178368                                {product} {ergonomic}
   size_t MaxNewSize                               = 2527068160                                {product} {ergonomic}
   size_t MinHeapDeltaBytes                        = 2097152                                   {product} {ergonomic}
   size_t MinHeapSize                              = 8388608                                   {product} {ergonomic}
    uintx NonNMethodCodeHeapSize                   = 7602480                                {pd product} {ergonomic}
    uintx NonProfiledCodeHeapSize                  = 122027880                              {pd product} {ergonomic}
    uintx ProfiledCodeHeapSize                     = 122027880                              {pd product} {ergonomic}
    uintx ReservedCodeCacheSize                    = 251658240                              {pd product} {ergonomic}
     bool SegmentedCodeCache                       = true                                      {product} {ergonomic}
   size_t SoftMaxHeapSize                          = 4213178368                             {manageable} {ergonomic}
     bool UseCompressedClassPointers               = true                           {product lp64_product} {ergonomic}
     bool UseCompressedOops                        = true                           {product lp64_product} {ergonomic}
     bool UseG1GC                                  = true                                      {product} {ergonomic}
     bool UseLargePagesIndividualAllocation        = false                                  {pd product} {ergonomic}

Logging:
Log output configuration:
 #0: stdout all=warning uptime,level,tags
 #1: stderr all=off uptime,level,tags

Environment Variables:
JAVA_HOME=E:\Dev\Env\Java\corretto-jdk17.0.14_7
PATH=C:\Windows\system32;C:\Windows;C:\Windows\System32\Wbem;C:\Windows\System32\WindowsPowerShell\v1.0\;C:\Windows\System32\OpenSSH\;C:\Program Files\dotnet\;C:\Program Files (x86)\NVIDIA Corporation\PhysX\Common;E:\Dev\Env\PortableGit\bin;E:\Dev\Env\Python311;E:\Dev\Env\mingw64\bin;C:\WINDOWS\system32;C:\WINDOWS;C:\WINDOWS\System32\Wbem;C:\WINDOWS\System32\WindowsPowerShell\v1.0\;C:\WINDOWS\System32\OpenSSH\;C:\Program Files\Microsoft Visual Studio\2022\Community\VC\Auxiliary\Build;C:\Program Files (x86)\Windows Kits\10\Windows Performance Toolkit\;E:\Dev\Env\cmake\bin;E:\Dev\Android\Android\ndk\25.2.9519653;E:\Dev\Projects\java\jWebGPU\webgpu\webgpu-build\build\c++\libs\windows\vc;E:\Dev\Env\Java\corretto-jdk17.0.14_7\bin;E:\Dev\Android\Android\platform-tools;C:\Users\Xpe\AppData\Local\Microsoft\WindowsApps;C:\Users\Xpe\AppData\Local\GitHubDesktop\bin
USERNAME=Xpe
OS=Windows_NT
PROCESSOR_IDENTIFIER=Intel64 Family 6 Model 154 Stepping 3, GenuineIntel
TMP=C:\Users\Xpe\AppData\Local\Temp
TEMP=C:\Users\Xpe\AppData\Local\Temp



Periodic native trim disabled


---------------  S Y S T E M  ---------------

OS:
 Windows 11 , 64 bit Build 26100 (10.0.26100.4202)
OS uptime: 4 days 3:07 hours
Hyper-V role detected

CPU: total 20 (initial active 20) (10 cores per cpu, 2 threads per core) family 6 model 154 stepping 3 microcode 0x433, cx8, cmov, fxsr, ht, mmx, 3dnowpref, sse, sse2, sse3, ssse3, sse4.1, sse4.2, popcnt, lzcnt, tsc, tscinvbit, avx, avx2, aes, erms, clmul, bmi1, bmi2, adx, sha, fma, vzeroupper, clflush, clflushopt, clwb, hv
Processor Information for processor 0
  Max Mhz: 2300, Current Mhz: 2300, Mhz Limit: 2300
Processor Information for processor 1
  Max Mhz: 2300, Current Mhz: 2300, Mhz Limit: 2300
Processor Information for processor 2
  Max Mhz: 2300, Current Mhz: 2300, Mhz Limit: 2300
Processor Information for processor 3
  Max Mhz: 2300, Current Mhz: 2300, Mhz Limit: 2300
Processor Information for processor 4
  Max Mhz: 2300, Current Mhz: 2300, Mhz Limit: 2300
Processor Information for processor 5
  Max Mhz: 2300, Current Mhz: 1506, Mhz Limit: 2300
Processor Information for processor 6
  Max Mhz: 2300, Current Mhz: 1506, Mhz Limit: 2300
Processor Information for processor 7
  Max Mhz: 2300, Current Mhz: 1506, Mhz Limit: 2300
Processor Information for processor 8
  Max Mhz: 2300, Current Mhz: 2300, Mhz Limit: 2300
Processor Information for processor 9
  Max Mhz: 2300, Current Mhz: 2300, Mhz Limit: 2300
Processor Information for processor 10
  Max Mhz: 2300, Current Mhz: 2300, Mhz Limit: 2300
Processor Information for processor 11
  Max Mhz: 2300, Current Mhz: 2300, Mhz Limit: 2300
Processor Information for processor 12
  Max Mhz: 2300, Current Mhz: 1700, Mhz Limit: 1679
Processor Information for processor 13
  Max Mhz: 2300, Current Mhz: 1700, Mhz Limit: 1679
Processor Information for processor 14
  Max Mhz: 2300, Current Mhz: 1500, Mhz Limit: 1679
Processor Information for processor 15
  Max Mhz: 2300, Current Mhz: 1700, Mhz Limit: 1679
Processor Information for processor 16
  Max Mhz: 2300, Current Mhz: 1500, Mhz Limit: 1679
Processor Information for processor 17
  Max Mhz: 2300, Current Mhz: 1700, Mhz Limit: 1679
Processor Information for processor 18
  Max Mhz: 2300, Current Mhz: 1700, Mhz Limit: 1679
Processor Information for processor 19
  Max Mhz: 2300, Current Mhz: 1700, Mhz Limit: 1679

Memory: 4k page, system-wide physical 16068M (3070M free)
TotalPageFile size 27844M (AvailPageFile size 4294M)
current process WorkingSet (physical memory assigned to process): 375M, peak: 437M
current process commit charge ("private bytes"): 807M, peak: 807M

vm_info: OpenJDK 64-Bit Server VM (17.0.13+11-LTS) for windows-amd64 JRE (17.0.13+11-LTS), built on Oct 10 2024 19:51:30 by "Administrator" with MS VC++ 16.10 / 16.11 (VS2019)

END.
